# Blender v2.92.0 OBJ File: 'box.blend'
# www.blender.org
mtllib box.mtl
o Cube
v 1.000000 1.000000 -1.000000
v 1.000000 -1.000000 -1.000000
v 1.000000 1.000000 1.000000
v 1.000000 -1.000000 1.000000
v -1.000000 1.000000 -1.000000
v -1.000000 -1.000000 -1.000000
v -1.000000 1.000000 1.000000
v -1.000000 -1.000000 1.000000
v -1.000000 -1.000000 -0.333333
v -1.000000 -1.000000 0.333333
v 1.000000 1.000000 -0.333333
v 1.000000 1.000000 0.333333
v -1.000000 1.000000 0.333333
v -1.000000 1.000000 -0.333333
v 1.000000 -1.000000 0.333333
v 1.000000 -1.000000 -0.333333
v 0.333333 -1.000000 -1.000000
v -0.333333 -1.000000 -1.000000
v 0.333333 1.000000 1.000000
v -0.333333 1.000000 1.000000
v -0.333333 -1.000000 1.000000
v 0.333333 -1.000000 1.000000
v -0.333333 1.000000 -1.000000
v 0.333333 1.000000 -1.000000
v 0.333333 -1.000000 -0.333333
v -0.333333 -1.000000 -0.333333
v 0.333333 -1.000000 0.333333
v -0.333333 -1.000000 0.333333
v -0.333333 1.000000 -0.333333
v 0.333333 1.000000 -0.333333
v -0.333333 1.000000 0.333333
v 0.333333 1.000000 0.333333
v 1.000000 0.333333 -1.000000
v 1.000000 -0.333333 -1.000000
v -1.000000 -0.333333 1.000000
v -1.000000 0.333333 1.000000
v 1.000000 0.333333 1.000000
v 1.000000 -0.333333 1.000000
v -1.000000 0.333333 -1.000000
v -1.000000 -0.333333 -1.000000
v 1.000000 0.333333 -0.333333
v 1.000000 -0.333333 -0.333333
v 1.000000 0.333333 0.333333
v 1.000000 -0.333333 0.333333
v -1.000000 0.333333 0.333333
v -1.000000 -0.333333 0.333333
v -1.000000 0.333333 -0.333333
v -1.000000 -0.333333 -0.333333
v -0.333333 0.333333 -1.000000
v -0.333333 -0.333333 -1.000000
v 0.333333 0.333333 -1.000000
v 0.333333 -0.333333 -1.000000
v 0.333333 0.333333 1.000000
v 0.333333 -0.333333 1.000000
v -0.333333 0.333333 1.000000
v -0.333333 -0.333333 1.000000
v 1.000000 0.289372 -0.289372
v 1.000000 -0.289372 -0.289372
v 1.000000 0.289372 0.289372
v 1.000000 -0.289372 0.289372
v 1.000000 0.250434 -0.250434
v 1.000000 -0.250434 -0.250434
v 1.000000 0.250434 0.250434
v 1.000000 -0.250434 0.250434
v 1.000000 0.205577 -0.205577
v 1.000000 -0.205577 -0.205577
v 1.000000 0.205577 0.205577
v 1.000000 -0.205577 0.205577
v 1.000000 0.157181 -0.157181
v 1.000000 -0.157181 -0.157181
v 1.000000 0.157181 0.157181
v 1.000000 -0.157181 0.157181
v 1.000000 0.117845 -0.117845
v 1.000000 -0.117845 -0.117845
v 1.000000 0.117845 0.117845
v 1.000000 -0.117845 0.117845
v 1.000000 0.080535 -0.080535
v 1.000000 -0.080535 -0.080535
v 1.000000 0.080535 0.080535
v 1.000000 -0.080535 0.080535
v 1.000000 0.049049 -0.049049
v 1.000000 -0.049049 -0.049049
v 1.000000 0.049049 0.049049
v 1.000000 -0.049049 0.049049
vt 0.791667 0.666667
vt 0.875000 0.666667
vt 0.875000 0.750000
vt 0.791667 0.750000
vt 0.541667 0.916667
vt 0.625000 0.916667
vt 0.625000 1.000000
vt 0.541667 1.000000
vt 0.541667 0.166667
vt 0.625000 0.166667
vt 0.625000 0.250000
vt 0.541667 0.250000
vt 0.291667 0.666667
vt 0.375000 0.666667
vt 0.375000 0.750000
vt 0.291667 0.750000
vt 0.541667 0.666667
vt 0.625000 0.666667
vt 0.625000 0.750000
vt 0.541667 0.750000
vt 0.541667 0.416667
vt 0.625000 0.416667
vt 0.625000 0.500000
vt 0.541667 0.500000
vt 0.625000 0.583333
vt 0.541667 0.583333
vt 0.291667 0.500000
vt 0.375000 0.500000
vt 0.375000 0.583333
vt 0.291667 0.583333
vt 0.541667 0.000000
vt 0.625000 0.000000
vt 0.625000 0.083333
vt 0.541667 0.083333
vt 0.791667 0.500000
vt 0.875000 0.500000
vt 0.875000 0.583333
vt 0.791667 0.583333
vt 0.708333 0.583333
vt 0.708333 0.666667
vt 0.708333 0.500000
vt 0.125000 0.583333
vt 0.208333 0.583333
vt 0.208333 0.666667
vt 0.125000 0.666667
vt 0.125000 0.500000
vt 0.208333 0.500000
vt 0.625000 0.333333
vt 0.541667 0.333333
vt 0.208333 0.750000
vt 0.125000 0.750000
vt 0.625000 0.833333
vt 0.541667 0.833333
vt 0.708333 0.750000
vt 0.375000 0.833333
vt 0.458333 0.833333
vt 0.458333 0.916667
vt 0.375000 0.916667
vt 0.458333 0.750000
vt 0.375000 0.333333
vt 0.458333 0.333333
vt 0.458333 0.416667
vt 0.375000 0.416667
vt 0.375000 0.250000
vt 0.458333 0.250000
vt 0.375000 0.083333
vt 0.458333 0.083333
vt 0.458333 0.166667
vt 0.375000 0.166667
vt 0.375000 0.000000
vt 0.458333 0.000000
vt 0.458333 0.583333
vt 0.458333 0.666667
vt 0.541667 0.666667
vt 0.541667 0.583333
vt 0.458333 0.500000
vt 0.458333 1.000000
vt 0.375000 1.000000
vt 0.458333 0.666667
vt 0.458333 0.583333
vt 0.458333 0.583333
vt 0.458333 0.666667
vt 0.541667 0.583333
vt 0.541667 0.666667
vt 0.541667 0.666667
vt 0.541667 0.583333
vt 0.458333 0.666667
vt 0.458333 0.583333
vt 0.458333 0.583333
vt 0.458333 0.666667
vt 0.541667 0.583333
vt 0.541667 0.583333
vt 0.458333 0.583333
vt 0.541667 0.666667
vt 0.541667 0.666667
vt 0.541667 0.666667
vt 0.541667 0.583333
vt 0.458333 0.666667
vt 0.458333 0.666667
vt 0.458333 0.583333
vt 0.458333 0.583333
vt 0.458333 0.666667
vt 0.541667 0.583333
vt 0.541667 0.666667
vn 0.0000 1.0000 0.0000
vn 0.0000 0.0000 1.0000
vn -1.0000 0.0000 0.0000
vn 0.0000 -1.0000 0.0000
vn 1.0000 0.0000 0.0000
vn 0.0000 0.0000 -1.0000
usemtl Material
s off
f 31/1/1 13/2/1 7/3/1 20/4/1
f 55/5/2 20/6/2 7/7/2 36/8/2
f 47/9/3 14/10/3 5/11/3 39/12/3
f 27/13/4 15/14/4 4/15/4 22/16/4
f 43/17/5 12/18/5 3/19/5 37/20/5
f 51/21/6 24/22/6 1/23/6 33/24/6
f 33/24/5 1/23/5 11/25/5 41/26/5
f 41/26/5 11/25/5 12/18/5 43/17/5
f 17/27/4 2/28/4 16/29/4 25/30/4
f 25/30/4 16/29/4 15/14/4 27/13/4
f 36/31/3 7/32/3 13/33/3 45/34/3
f 45/34/3 13/33/3 14/10/3 47/9/3
f 23/35/1 5/36/1 14/37/1 29/38/1
f 29/38/1 14/37/1 13/2/1 31/1/1
f 11/25/1 30/39/1 32/40/1 12/18/1
f 30/39/1 29/38/1 31/1/1 32/40/1
f 1/23/1 24/41/1 30/39/1 11/25/1
f 24/41/1 23/35/1 29/38/1 30/39/1
f 9/42/4 26/43/4 28/44/4 10/45/4
f 26/43/4 25/30/4 27/13/4 28/44/4
f 6/46/4 18/47/4 26/43/4 9/42/4
f 18/47/4 17/27/4 25/30/4 26/43/4
f 39/12/6 5/11/6 23/48/6 49/49/6
f 49/49/6 23/48/6 24/22/6 51/21/6
f 10/45/4 28/44/4 21/50/4 8/51/4
f 28/44/4 27/13/4 22/16/4 21/50/4
f 37/20/2 3/19/2 19/52/2 53/53/2
f 53/53/2 19/52/2 20/6/2 55/5/2
f 12/18/1 32/40/1 19/54/1 3/19/1
f 32/40/1 31/1/1 20/4/1 19/54/1
f 22/55/2 54/56/2 56/57/2 21/58/2
f 54/56/2 53/53/2 55/5/2 56/57/2
f 4/15/2 38/59/2 54/56/2 22/55/2
f 38/59/2 37/20/2 53/53/2 54/56/2
f 18/60/6 50/61/6 52/62/6 17/63/6
f 50/61/6 49/49/6 51/21/6 52/62/6
f 6/64/6 40/65/6 50/61/6 18/60/6
f 40/65/6 39/12/6 49/49/6 50/61/6
f 10/66/3 46/67/3 48/68/3 9/69/3
f 46/67/3 45/34/3 47/9/3 48/68/3
f 8/70/3 35/71/3 46/67/3 10/66/3
f 35/71/3 36/31/3 45/34/3 46/67/3
f 16/29/5 42/72/5 44/73/5 15/14/5
f 41/26/5 43/17/5 59/74/5 57/75/5
f 2/28/5 34/76/5 42/72/5 16/29/5
f 34/76/5 33/24/5 41/26/5 42/72/5
f 17/63/6 52/62/6 34/76/6 2/28/6
f 52/62/6 51/21/6 33/24/6 34/76/6
f 15/14/5 44/73/5 38/59/5 4/15/5
f 44/73/5 43/17/5 37/20/5 38/59/5
f 9/69/3 48/68/3 40/65/3 6/64/3
f 48/68/3 47/9/3 39/12/3 40/65/3
f 21/58/2 56/57/2 35/77/2 8/78/2
f 56/57/2 55/5/2 36/8/2 35/77/2
f 60/79/5 58/80/5 62/81/5 64/82/5
f 43/17/5 44/73/5 60/79/5 59/74/5
f 42/72/5 41/26/5 57/75/5 58/80/5
f 44/73/5 42/72/5 58/80/5 60/79/5
f 61/83/5 63/84/5 67/85/5 65/86/5
f 58/80/5 57/75/5 61/83/5 62/81/5
f 57/75/5 59/74/5 63/84/5 61/83/5
f 59/74/5 60/79/5 64/82/5 63/84/5
f 68/87/5 66/88/5 70/89/5 72/90/5
f 63/84/5 64/82/5 68/87/5 67/85/5
f 64/82/5 62/81/5 66/88/5 68/87/5
f 62/81/5 61/83/5 65/86/5 66/88/5
f 70/89/5 69/91/5 73/92/5 74/93/5
f 66/88/5 65/86/5 69/91/5 70/89/5
f 65/86/5 67/85/5 71/94/5 69/91/5
f 67/85/5 68/87/5 72/90/5 71/94/5
f 73/92/5 75/95/5 79/96/5 77/97/5
f 69/91/5 71/94/5 75/95/5 73/92/5
f 71/94/5 72/90/5 76/98/5 75/95/5
f 72/90/5 70/89/5 74/93/5 76/98/5
f 80/99/5 78/100/5 82/101/5 84/102/5
f 75/95/5 76/98/5 80/99/5 79/96/5
f 76/98/5 74/93/5 78/100/5 80/99/5
f 74/93/5 73/92/5 77/97/5 78/100/5
f 82/101/5 81/103/5 83/104/5 84/102/5
f 78/100/5 77/97/5 81/103/5 82/101/5
f 77/97/5 79/96/5 83/104/5 81/103/5
f 79/96/5 80/99/5 84/102/5 83/104/5
