v -0.766712 1.422585 1.950602
v -0.738580 2.692918 1.950602
v -1.000000 1.422585 -0.049398
v -0.738580 2.692918 -0.049398
v 0.766712 1.422585 1.950602
v 0.738580 2.692918 1.950602
v 1.000000 1.422585 -0.049398
v 0.738580 2.692918 -0.049398
v -0.510674 1.540333 2.481572
v -0.534977 2.575170 2.481572
v 0.534977 2.575170 2.481572
v 0.510674 1.540333 2.481572
v -0.522722 2.634621 -0.677365
v -0.522722 1.482215 -0.273197
v 0.522722 1.482215 -0.273197
v 0.522722 2.634621 -0.677365
v -0.501277 2.221321 -2.720361
v -0.501277 1.584532 -2.720361
v 0.501277 1.584532 -2.720361
v 0.501277 2.221321 -2.720361
v -0.443413 2.176197 -2.901042
v -0.443413 1.587400 -2.901042
v 0.443413 1.587400 -2.901042
v 0.443413 2.176197 -2.901042
v -0.171831 1.789464 -3.525297
v -0.171831 1.571181 -3.525297
v 0.171831 1.571181 -3.525297
v 0.171831 1.789464 -3.525297
v -1.000000 1.846029 1.950602
v -1.000000 2.269474 1.950602
v -1.000000 2.269474 -0.049398
v -1.000000 1.846029 -0.049398
v 1.000000 2.269474 -0.049398
v 1.000000 1.846029 -0.049398
v 1.000000 2.269474 1.950602
v 1.000000 1.846029 1.950602
v -0.814619 1.885279 2.481572
v -0.814619 2.230224 2.481572
v 0.814619 2.230224 2.481572
v 0.814619 1.885279 2.481572
v -0.522722 2.162125 -0.399273
v -0.522722 1.953378 -0.325667
v 0.522722 2.162125 -0.399273
v 0.522722 1.953378 -0.325667
v -0.501277 2.009058 -2.720361
v -0.501277 1.796795 -2.720361
v 0.501277 2.009058 -2.720361
v 0.501277 1.796795 -2.720361
v -0.443413 1.979932 -2.901042
v -0.443413 1.783666 -2.901042
v 0.443413 1.979932 -2.901042
v 0.443413 1.783666 -2.901042
v -0.171831 1.716703 -3.525297
v -0.171831 1.643942 -3.525297
v 0.171831 1.716703 -3.525297
v 0.171831 1.643942 -3.525297
v -2.012159 1.819696 1.815113
v -2.012159 2.243140 1.815113
v -2.012159 2.243140 0.215111
v -2.012159 1.819696 0.215111
v 2.012159 2.243140 0.215111
v 2.012159 1.819696 0.215111
v 2.012159 2.243140 1.815113
v 2.012159 1.819696 1.815113
v -3.368881 1.632581 1.585764
v -3.368881 1.948644 1.585764
v -3.368881 1.948643 0.669593
v -3.368881 1.632581 0.669593
v 3.368881 1.948643 0.669593
v 3.368881 1.632581 0.669593
v 3.368881 1.948643 1.585764
v 3.368881 1.632581 1.585764
v -4.092979 1.517624 1.438508
v -4.092979 1.623268 1.438508
v -4.092979 1.623267 0.950850
v -4.092979 1.517624 0.950850
v 4.092979 1.623267 0.950850
v 4.092979 1.517624 0.950850
v 4.092979 1.623267 1.438508
v 4.092979 1.517624 1.438508
f 30/1/1 2/2/1 4/3/1 31/4/1
f 34/5/2 7/6/2 15/7/2 44/8/2
f 33/9/3 8/10/3 6/11/3 35/12/3
f 29/13/4 1/14/4 9/15/4 37/16/4
f 3/17/5 7/6/5 5/18/5 1/19/5
f 8/10/6 4/20/6 2/21/6 6/11/6
f 39/22/7 11/23/7 10/24/7 38/25/7
f 1/19/8 5/18/8 12/26/8 9/27/8
f 6/11/9 2/21/9 10/28/9 11/23/9
f 35/12/10 6/11/10 11/23/10 39/22/10
f 44/8/11 15/7/11 19/29/11 48/30/11
f 7/6/12 3/17/12 14/31/12 15/7/12
f 4/20/13 8/10/13 16/32/13 13/33/13
f 31/4/14 4/3/14 13/34/14 41/35/14
f 17/36/15 20/37/15 24/38/15 21/39/15
f 15/7/16 14/31/16 18/40/16 19/29/16
f 13/33/17 16/32/17 20/37/17 17/36/17
f 41/35/18 13/34/18 17/41/18 45/42/18
f 52/43/19 23/44/19 27/45/19 56/46/19
f 45/42/20 17/41/20 21/47/20 49/48/20
f 48/30/21 19/29/21 23/44/21 52/43/21
f 19/29/22 18/40/22 22/49/22 23/44/22
f 53/50/23 25/51/23 28/52/23 55/53/23
f 23/44/24 22/49/24 26/54/24 27/45/24
f 21/39/25 24/38/25 28/52/25 25/55/25
f 49/48/26 21/47/26 25/51/26 53/50/26
f 22/56/26 50/57/26 54/58/26 26/59/26
f 50/57/26 49/48/26 53/50/26 54/58/26
f 26/59/23 54/58/23 56/46/23 27/45/23
f 54/58/23 53/50/23 55/53/23 56/46/23
f 20/37/21 47/60/21 51/61/21 24/38/21
f 47/60/21 48/30/21 52/43/21 51/61/21
f 18/62/20 46/63/20 50/57/20 22/56/20
f 46/63/20 45/42/20 49/48/20 50/57/20
f 24/38/19 51/61/19 55/53/19 28/52/19
f 51/61/19 52/43/19 56/46/19 55/53/19
f 14/64/27 42/65/27 46/63/27 18/62/27
f 42/65/28 41/35/28 45/42/28 46/63/28
f 3/66/29 32/67/29 42/65/29 14/64/29
f 32/67/30 31/4/30 41/35/30 42/65/30
f 16/32/31 43/68/31 47/60/31 20/37/31
f 43/68/32 44/8/32 48/30/32 47/60/32
f 5/18/33 36/69/33 40/70/33 12/26/33
f 36/69/34 35/12/34 39/22/34 40/70/34
f 12/26/7 40/70/7 37/71/7 9/72/7
f 40/70/7 39/22/7 38/25/7 37/71/7
f 2/2/35 30/1/35 38/73/35 10/74/35
f 30/1/36 29/13/36 37/16/36 38/73/36
f 7/6/37 34/5/37 36/69/37 5/18/37
f 33/9/38 35/12/38 63/75/38 61/76/38
f 8/10/39 33/9/39 43/68/39 16/32/39
f 33/9/40 34/5/40 44/8/40 43/68/40
f 1/14/41 29/13/41 32/67/41 3/66/41
f 30/1/42 31/4/42 59/77/42 58/78/42
f 59/77/43 60/79/43 68/80/43 67/81/43
f 63/75/44 64/82/44 72/83/44 71/84/44
f 35/12/45 36/69/45 64/82/45 63/75/45
f 34/5/46 33/9/46 61/76/46 62/85/46
f 31/4/47 32/67/47 60/79/47 59/77/47
f 29/13/48 30/1/48 58/78/48 57/86/48
f 32/67/49 29/13/49 57/86/49 60/79/49
f 36/69/50 34/5/50 62/85/50 64/82/50
f 69/87/51 71/84/51 79/88/51 77/89/51
f 66/90/52 67/81/52 75/91/52 74/92/52
f 60/79/53 57/86/53 65/93/53 68/80/53
f 64/82/54 62/85/54 70/94/54 72/83/54
f 62/85/55 61/76/55 69/87/55 70/94/55
f 57/86/56 58/78/56 66/90/56 65/93/56
f 58/78/57 59/77/57 67/81/57 66/90/57
f 61/76/58 63/75/58 71/84/58 69/87/58
f 78/95/59 77/89/59 79/88/59 80/96/59
f 73/97/60 74/92/60 75/91/60 76/98/60
f 71/84/61 72/83/61 80/96/61 79/88/61
f 67/81/62 68/80/62 76/98/62 75/91/62
f 68/80/63 65/93/63 73/97/63 76/98/63
f 72/83/64 70/94/64 78/95/64 80/96/64
f 70/94/65 69/87/65 77/89/65 78/95/65
f 65/93/66 66/90/66 74/92/66 73/97/66