# Blender v2.92.0 OBJ File: 'simple-smiley-face.blend'
# www.blender.org
mtllib simple-smiley-face.mtl
o Cube
v -1.619247 0.000000 -0.322088
v -1.525298 0.000000 -0.631799
v -1.372732 0.000000 -0.917230
v -1.167412 0.000000 -1.167412
v -0.917230 0.000000 -1.372731
v -0.631799 0.000000 -1.525297
v -0.322088 0.000000 -1.619247
v 0.000000 0.000000 -1.650970
v -1.650970 0.000000 0.000000
v -1.619247 0.000000 0.322088
v -1.525298 0.000000 0.631799
v -1.372732 0.000000 0.917230
v -1.167412 0.000000 1.167412
v -0.917230 0.000000 1.372732
v -0.631799 0.000000 1.525298
v -0.322088 0.000000 1.619247
v 0.000001 0.000000 1.650970
v 0.322089 0.000000 1.619247
v 0.631800 0.000000 1.525297
v 0.917231 0.000000 1.372731
v 1.167413 0.000000 1.167412
v 1.372732 0.000000 0.917229
v 1.525298 0.000000 0.631798
v 1.619248 0.000000 0.322087
v 1.650970 0.000000 -0.000001
v 1.619247 0.000000 -0.322090
v 1.525297 0.000000 -0.631800
v 1.372730 0.000000 -0.917231
v 1.167411 0.000000 -1.167414
v 0.917228 0.000000 -1.372733
v 0.631797 0.000000 -1.525298
v 0.322086 0.000000 -1.619248
v -0.842316 0.000000 0.639901
v -0.825729 0.000000 0.585222
v -0.798794 0.000000 0.534830
v -0.762545 0.000000 0.490661
v -0.718376 0.000000 0.454412
v -0.667984 0.000000 0.427477
v -0.613305 0.000000 0.410890
v -0.556441 0.000000 0.405290
v -0.847916 0.000000 0.696765
v -0.842316 0.000000 0.753629
v -0.825729 0.000000 0.808308
v -0.798794 0.000000 0.858701
v -0.762545 0.000000 0.902870
v -0.718376 0.000000 0.939119
v -0.667984 0.000000 0.966054
v -0.613305 0.000000 0.982640
v -0.556441 0.000000 0.988241
v -0.499576 0.000000 0.982640
v -0.444898 0.000000 0.966054
v -0.394505 0.000000 0.939118
v -0.350336 0.000000 0.902870
v -0.314087 0.000000 0.858700
v -0.287152 0.000000 0.808308
v -0.270566 0.000000 0.753629
v -0.264965 0.000000 0.696765
v -0.270566 0.000000 0.639901
v -0.287152 0.000000 0.585222
v -0.314088 0.000000 0.534830
v -0.350336 0.000000 0.490661
v -0.394506 0.000000 0.454412
v -0.444898 0.000000 0.427477
v -0.499577 0.000000 0.410890
v -0.842316 0.000000 -0.750907
v -0.825729 0.000000 -0.805586
v -0.798794 0.000000 -0.855978
v -0.762545 0.000000 -0.900147
v -0.718376 0.000000 -0.936396
v -0.667984 0.000000 -0.963331
v -0.613305 0.000000 -0.979918
v -0.556441 0.000000 -0.985519
v -0.847916 0.000000 -0.694043
v -0.842316 0.000000 -0.637179
v -0.825729 0.000000 -0.582500
v -0.798794 0.000000 -0.532108
v -0.762545 0.000000 -0.487938
v -0.718376 0.000000 -0.451690
v -0.667984 0.000000 -0.424755
v -0.613305 0.000000 -0.408168
v -0.556441 0.000000 -0.402567
v -0.499576 0.000000 -0.408168
v -0.444898 0.000000 -0.424755
v -0.394505 0.000000 -0.451690
v -0.350336 0.000000 -0.487939
v -0.314087 0.000000 -0.532108
v -0.287152 0.000000 -0.582500
v -0.270566 0.000000 -0.637179
v -0.264965 0.000000 -0.694043
v -0.270566 0.000000 -0.750907
v -0.287152 0.000000 -0.805586
v -0.314088 0.000000 -0.855978
v -0.350336 0.000000 -0.900148
v -0.394506 0.000000 -0.936396
v -0.444898 0.000000 -0.963331
v -0.499577 0.000000 -0.979918
v 0.677487 0.000000 0.802395
v 0.734351 0.000000 0.786981
v 0.789029 0.000000 0.741335
v 0.839422 0.000000 0.667209
v 0.883591 0.000000 0.567452
v 0.919840 0.000000 0.445898
v 0.946775 0.000000 0.307218
v 0.963362 0.000000 0.156742
v 0.968962 0.000000 0.000251
v 0.963362 0.000000 -0.156239
v 0.946775 0.000000 -0.306715
v 0.919839 0.000000 -0.445395
v 0.883591 0.000000 -0.566949
v 0.839421 0.000000 -0.666705
v 0.789029 0.000000 -0.740831
v 0.734350 0.000000 -0.786477
vt 0.000000 0.000000
vt 0.000000 0.000000
vt 0.000000 0.000000
vt 0.000000 0.000000
vt 0.000000 0.000000
vt 0.000000 0.000000
vt 0.000000 0.000000
vt 0.000000 0.000000
vt 0.000000 0.000000
vt 0.000000 0.000000
vt 0.000000 0.000000
vt 0.000000 0.000000
vt 0.000000 0.000000
vt 0.000000 0.000000
vt 0.000000 0.000000
vt 0.000000 0.000000
vt 0.000000 0.000000
vt 0.000000 0.000000
vt 0.000000 0.000000
vt 0.000000 0.000000
vt 0.000000 0.000000
vt 0.000000 0.000000
vt 0.000000 0.000000
vt 0.000000 0.000000
vt 0.000000 0.000000
vt 0.000000 0.000000
vt 0.000000 0.000000
vt 0.000000 0.000000
vt 0.000000 0.000000
vt 0.000000 0.000000
vt 0.000000 0.000000
vt 0.000000 0.000000
vt 0.000000 0.000000
vt 0.000000 0.000000
vt 0.000000 0.000000
vt 0.000000 0.000000
vt 0.000000 0.000000
vt 0.000000 0.000000
vt 0.000000 0.000000
vt 0.000000 0.000000
vt 0.000000 0.000000
vt 0.000000 0.000000
vt 0.000000 0.000000
vt 0.000000 0.000000
vt 0.000000 0.000000
vt 0.000000 0.000000
vt 0.000000 0.000000
vt 0.000000 0.000000
vt 0.000000 0.000000
vt 0.000000 0.000000
vt 0.000000 0.000000
vt 0.000000 0.000000
vt 0.000000 0.000000
vt 0.000000 0.000000
vt 0.000000 0.000000
vt 0.000000 0.000000
vt 0.000000 0.000000
vt 0.000000 0.000000
vt 0.000000 0.000000
vt 0.000000 0.000000
vt 0.000000 0.000000
vt 0.000000 0.000000
vt 0.000000 0.000000
vt 0.000000 0.000000
vt 0.000000 0.000000
vt 0.000000 0.000000
vt 0.000000 0.000000
vt 0.000000 0.000000
vt 0.000000 0.000000
vt 0.000000 0.000000
vt 0.000000 0.000000
vt 0.000000 0.000000
vt 0.000000 0.000000
vt 0.000000 0.000000
vt 0.000000 0.000000
vt 0.000000 0.000000
vt 0.000000 0.000000
vt 0.000000 0.000000
vt 0.000000 0.000000
vt 0.000000 0.000000
vt 0.000000 0.000000
vt 0.000000 0.000000
vt 0.000000 0.000000
vt 0.000000 0.000000
vt 0.000000 0.000000
vt 0.000000 0.000000
vt 0.000000 0.000000
vt 0.000000 0.000000
vt 0.000000 0.000000
vt 0.000000 0.000000
vt 0.000000 0.000000
vt 0.000000 0.000000
vt 0.000000 0.000000
vt 0.000000 0.000000
vt 0.000000 0.000000
vt 0.000000 0.000000
vt 0.000000 0.000000
vt 0.000000 0.000000
vt 0.000000 0.000000
vt 0.000000 0.000000
vt 0.000000 0.000000
vt 0.000000 0.000000
vt 0.000000 0.000000
vt 0.000000 0.000000
vt 0.000000 0.000000
vt 0.000000 0.000000
vt 0.000000 0.000000
vt 0.000000 0.000000
vt 0.000000 0.000000
vt 0.000000 0.000000
vt 0.000000 0.000000
vt 0.000000 0.000000
vn 0.0000 1.0000 0.0000
usemtl Material
s off
f 13/1/1 14/2/1 15/3/1 16/4/1 17/5/1 18/6/1 19/7/1 20/8/1 21/9/1 22/10/1 23/11/1 24/12/1 25/13/1 26/14/1 27/15/1 28/16/1 29/17/1 30/18/1 31/19/1 32/20/1 8/21/1 7/22/1 6/23/1 5/24/1 4/25/1 3/26/1 2/27/1 1/28/1 9/29/1 10/30/1 11/31/1 12/32/1
f 45/33/1 46/34/1 47/35/1 48/36/1 49/37/1 50/38/1 51/39/1 52/40/1 53/41/1 54/42/1 55/43/1 56/44/1 57/45/1 58/46/1 59/47/1 60/48/1 61/49/1 62/50/1 63/51/1 64/52/1 40/53/1 39/54/1 38/55/1 37/56/1 36/57/1 35/58/1 34/59/1 33/60/1 41/61/1 42/62/1 43/63/1 44/64/1
f 77/65/1 78/66/1 79/67/1 80/68/1 81/69/1 82/70/1 83/71/1 84/72/1 85/73/1 86/74/1 87/75/1 88/76/1 89/77/1 90/78/1 91/79/1 92/80/1 93/81/1 94/82/1 95/83/1 96/84/1 72/85/1 71/86/1 70/87/1 69/88/1 68/89/1 67/90/1 66/91/1 65/92/1 73/93/1 74/94/1 75/95/1 76/96/1
f 98/97/1 99/98/1 100/99/1 101/100/1 102/101/1 103/102/1 104/103/1 105/104/1 106/105/1 107/106/1 108/107/1 109/108/1 110/109/1 111/110/1 112/111/1 97/112/1
