# Blender v2.92.0 OBJ File: 'simpler-ship.blend'
# www.blender.org
v -2.918396 0.587113 2.363183
v -2.918396 0.553049 2.250887
v -2.918396 0.497731 2.147394
v -2.918396 0.423285 2.056682
v -2.918397 0.332573 1.982237
v -2.918396 0.229080 1.926919
v -2.918396 0.116784 1.892854
v -2.918396 -0.000000 1.881352
v -2.918396 0.598616 2.479967
v -2.918396 0.587113 2.596751
v -2.918396 0.553049 2.709048
v -2.918396 0.497731 2.812540
v -2.918396 0.423285 2.903253
v -2.918397 0.332573 2.977698
v -2.918396 0.229080 3.033016
v -2.918396 0.116784 3.067080
v -2.918396 -0.000000 3.078583
v -2.918397 -0.116784 3.067080
v -2.918397 -0.229081 3.033016
v -2.918397 -0.332573 2.977698
v -2.918397 -0.423286 2.903252
v -2.918397 -0.497731 2.812540
v -2.918397 -0.553049 2.709047
v -2.918397 -0.587114 2.596751
v -2.918397 -0.598616 2.479967
v -2.918397 -0.587113 2.363183
v -2.918397 -0.553049 2.250886
v -2.918397 -0.497730 2.147394
v -2.918397 -0.423285 2.056682
v -2.918397 -0.332572 1.982236
v -2.918397 -0.229080 1.926918
v -2.918397 -0.116783 1.892854
v -2.158842 0.587113 2.363183
v -2.158842 0.553049 2.250887
v -2.158842 0.497731 2.147394
v -2.158842 0.423285 2.056682
v -2.158842 0.332573 1.982237
v -2.158842 0.229080 1.926919
v -2.158842 0.116784 1.892854
v -2.158842 -0.000000 1.881352
v -2.158842 0.598616 2.479967
v -2.158842 0.587113 2.596751
v -2.158842 0.553049 2.709048
v -2.158842 0.497731 2.812540
v -2.158842 0.423285 2.903253
v -2.158842 0.332573 2.977698
v -2.158842 0.229080 3.033016
v -2.158842 0.116784 3.067080
v -2.158842 -0.000000 3.078583
v -2.158842 -0.116784 3.067080
v -2.158842 -0.229081 3.033016
v -2.158842 -0.332573 2.977698
v -2.158842 -0.423286 2.903252
v -2.158842 -0.497731 2.812540
v -2.158842 -0.553049 2.709047
v -2.158842 -0.587114 2.596751
v -2.158842 -0.598616 2.479967
v -2.158842 -0.587113 2.363183
v -2.158842 -0.553049 2.250886
v -2.158842 -0.497730 2.147394
v -2.158842 -0.423285 2.056682
v -2.158842 -0.332572 1.982236
v -2.158842 -0.229080 1.926918
v -2.158842 -0.116783 1.892854
v -1.366821 0.587113 2.363183
v -1.366821 0.553049 2.250887
v -1.366821 0.497731 2.147394
v -1.366821 0.423285 2.056682
v -1.366821 0.332573 1.982237
v -1.366821 0.229080 1.926919
v -1.366821 0.116784 1.892854
v -1.366821 -0.000000 1.881352
v -1.366821 0.598616 2.479967
v -1.366821 0.587113 2.596751
v -1.366821 0.553049 2.709048
v -1.366821 0.497731 2.812540
v -1.366821 0.423285 2.903253
v -1.366821 0.332573 2.977698
v -1.366821 0.229080 3.033016
v -1.366821 0.116784 3.067080
v -1.366821 -0.000000 3.078583
v -1.366821 -0.116784 3.067080
v -1.366821 -0.229081 3.033016
v -1.366821 -0.332573 2.977698
v -1.366821 -0.423286 2.903252
v -1.366821 -0.497731 2.812540
v -1.366821 -0.553049 2.709047
v -1.366821 -0.587114 2.596751
v -1.366821 -0.598616 2.479967
v -1.366821 -0.587113 2.363183
v -1.366821 -0.553049 2.250886
v -1.366821 -0.497730 2.147394
v -1.366821 -0.423285 2.056682
v -1.366821 -0.332572 1.982236
v -1.366821 -0.229080 1.926918
v -1.366821 -0.116783 1.892854
v -0.692922 0.587113 2.363183
v -0.692922 0.553049 2.250887
v -0.692922 0.497731 2.147394
v -0.692922 0.423285 2.056682
v -0.692922 0.332573 1.982237
v -0.692922 0.229080 1.926919
v -0.692922 0.116784 1.892854
v -0.692922 -0.000000 1.881352
v -0.692922 0.598616 2.479967
v -0.692922 0.587113 2.596751
v -0.692922 0.553049 2.709048
v -0.692922 0.497731 2.812540
v -0.692922 0.423285 2.903253
v -0.692922 0.332573 2.977698
v -0.692922 0.229080 3.033016
v -0.692922 0.116784 3.067080
v -0.692922 -0.000000 3.078583
v -0.692922 -0.116784 3.067080
v -0.692922 -0.229081 3.033016
v -0.692922 -0.332573 2.977698
v -0.692922 -0.423286 2.903252
v -0.692922 -0.497731 2.812540
v -0.692922 -0.553049 2.709047
v -0.692922 -0.587114 2.596751
v -0.692922 -0.598616 2.479967
v -0.692922 -0.587113 2.363183
v -0.692922 -0.553049 2.250886
v -0.692922 -0.497730 2.147394
v -0.692922 -0.423285 2.056682
v -0.692922 -0.332572 1.982236
v -0.692922 -0.229080 1.926918
v -0.692922 -0.116783 1.892854
v -0.007361 0.587113 2.363183
v -0.007361 0.553049 2.250887
v -0.007361 0.497731 2.147394
v -0.007361 0.423285 2.056682
v -0.007361 0.332573 1.982237
v -0.007361 0.229080 1.926919
v -0.007361 0.116784 1.892854
v -0.007361 -0.000000 1.881352
v -0.007361 0.598616 2.479967
v -0.007361 0.587113 2.596751
v -0.007361 0.553049 2.709048
v -0.007361 0.497731 2.812540
v -0.007361 0.423285 2.903253
v -0.007361 0.332573 2.977698
v -0.007361 0.229080 3.033016
v -0.007361 0.116784 3.067080
v -0.007361 -0.000000 3.078583
v -0.007361 -0.116784 3.067080
v -0.007361 -0.229081 3.033016
v -0.007361 -0.332573 2.977698
v -0.007361 -0.423286 2.903252
v -0.007361 -0.497731 2.812540
v -0.007361 -0.553049 2.709047
v -0.007361 -0.587114 2.596751
v -0.007361 -0.598616 2.479967
v -0.007361 -0.587113 2.363183
v -0.007361 -0.553049 2.250886
v -0.007361 -0.497730 2.147394
v -0.007361 -0.423285 2.056682
v -0.007361 -0.332572 1.982236
v -0.007361 -0.229080 1.926918
v -0.007361 -0.116783 1.892854
v 0.712269 0.587113 2.363183
v 0.712269 0.553049 2.250887
v 0.712269 0.497731 2.147394
v 0.712269 0.423285 2.056682
v 0.712269 0.332573 1.982237
v 0.712269 0.229080 1.926919
v 0.712269 0.116784 1.892854
v 0.712269 -0.000000 1.881352
v 0.712269 0.598616 2.479967
v 0.712269 0.587113 2.596751
v 0.712269 0.553049 2.709048
v 0.712269 0.497731 2.812540
v 0.712269 0.423285 2.903253
v 0.712269 0.332573 2.977698
v 0.712269 0.229080 3.033016
v 0.712269 0.116784 3.067080
v 0.712269 -0.000000 3.078583
v 0.712269 -0.116784 3.067080
v 0.712269 -0.229081 3.033016
v 0.712269 -0.332573 2.977698
v 0.712269 -0.423286 2.903252
v 0.712269 -0.497731 2.812540
v 0.712269 -0.553049 2.709047
v 0.712269 -0.587114 2.596751
v 0.712269 -0.598616 2.479967
v 0.712269 -0.587113 2.363183
v 0.712269 -0.553049 2.250886
v 0.712269 -0.497730 2.147394
v 0.712269 -0.423285 2.056682
v 0.712269 -0.332572 1.982236
v 0.712269 -0.229080 1.926918
v 0.712269 -0.116783 1.892854
v -2.918396 0.587113 -2.800842
v -2.918396 0.553049 -2.913138
v -2.918396 0.497731 -3.016630
v -2.918396 0.423285 -3.107343
v -2.918397 0.332573 -3.181788
v -2.918396 0.229080 -3.237106
v -2.918396 0.116784 -3.271171
v -2.918396 -0.000000 -3.282673
v -2.918396 0.598616 -2.684057
v -2.918396 0.587113 -2.567273
v -2.918396 0.553049 -2.454977
v -2.918396 0.497731 -2.351485
v -2.918396 0.423285 -2.260772
v -2.918397 0.332573 -2.186327
v -2.918396 0.229080 -2.131009
v -2.918396 0.116784 -2.096944
v -2.918396 -0.000000 -2.085442
v -2.918397 -0.116784 -2.096944
v -2.918397 -0.229081 -2.131009
v -2.918397 -0.332573 -2.186327
v -2.918397 -0.423286 -2.260773
v -2.918397 -0.497731 -2.351485
v -2.918397 -0.553049 -2.454978
v -2.918397 -0.587114 -2.567274
v -2.918397 -0.598616 -2.684058
v -2.918397 -0.587113 -2.800842
v -2.918397 -0.553049 -2.913138
v -2.918397 -0.497730 -3.016631
v -2.918397 -0.423285 -3.107343
v -2.918397 -0.332572 -3.181788
v -2.918397 -0.229080 -3.237107
v -2.918397 -0.116783 -3.271171
v -2.158842 0.587113 -2.800842
v -2.158842 0.553049 -2.913138
v -2.158842 0.497731 -3.016630
v -2.158842 0.423285 -3.107343
v -2.158842 0.332573 -3.181788
v -2.158842 0.229080 -3.237106
v -2.158842 0.116784 -3.271171
v -2.158842 -0.000000 -3.282673
v -2.158842 0.598616 -2.684057
v -2.158842 0.587113 -2.567273
v -2.158842 0.553049 -2.454977
v -2.158842 0.497731 -2.351485
v -2.158842 0.423285 -2.260772
v -2.158842 0.332573 -2.186327
v -2.158842 0.229080 -2.131009
v -2.158842 0.116784 -2.096944
v -2.158842 -0.000000 -2.085442
v -2.158842 -0.116784 -2.096944
v -2.158842 -0.229081 -2.131009
v -2.158842 -0.332573 -2.186327
v -2.158842 -0.423286 -2.260773
v -2.158842 -0.497731 -2.351485
v -2.158842 -0.553049 -2.454978
v -2.158842 -0.587114 -2.567274
v -2.158842 -0.598616 -2.684058
v -2.158842 -0.587113 -2.800842
v -2.158842 -0.553049 -2.913138
v -2.158842 -0.497730 -3.016631
v -2.158842 -0.423285 -3.107343
v -2.158842 -0.332572 -3.181788
v -2.158842 -0.229080 -3.237107
v -2.158842 -0.116783 -3.271171
v -1.366821 0.587113 -2.800842
v -1.366821 0.553049 -2.913138
v -1.366821 0.497731 -3.016630
v -1.366821 0.423285 -3.107343
v -1.366821 0.332573 -3.181788
v -1.366821 0.229080 -3.237106
v -1.366821 0.116784 -3.271171
v -1.366821 -0.000000 -3.282673
v -1.366821 0.598616 -2.684057
v -1.366821 0.587113 -2.567273
v -1.366821 0.553049 -2.454977
v -1.366821 0.497731 -2.351485
v -1.366821 0.423285 -2.260772
v -1.366821 0.332573 -2.186327
v -1.366821 0.229080 -2.131009
v -1.366821 0.116784 -2.096944
v -1.366821 -0.000000 -2.085442
v -1.366821 -0.116784 -2.096944
v -1.366821 -0.229081 -2.131009
v -1.366821 -0.332573 -2.186327
v -1.366821 -0.423286 -2.260773
v -1.366821 -0.497731 -2.351485
v -1.366821 -0.553049 -2.454978
v -1.366821 -0.587114 -2.567274
v -1.366821 -0.598616 -2.684058
v -1.366821 -0.587113 -2.800842
v -1.366821 -0.553049 -2.913138
v -1.366821 -0.497730 -3.016631
v -1.366821 -0.423285 -3.107343
v -1.366821 -0.332572 -3.181788
v -1.366821 -0.229080 -3.237107
v -1.366821 -0.116783 -3.271171
v -0.692922 0.587113 -2.800842
v -0.692922 0.553049 -2.913138
v -0.692922 0.497731 -3.016630
v -0.692922 0.423285 -3.107343
v -0.692922 0.332573 -3.181788
v -0.692922 0.229080 -3.237106
v -0.692922 0.116784 -3.271171
v -0.692922 -0.000000 -3.282673
v -0.692922 0.598616 -2.684057
v -0.692922 0.587113 -2.567273
v -0.692922 0.553049 -2.454977
v -0.692922 0.497731 -2.351485
v -0.692922 0.423285 -2.260772
v -0.692922 0.332573 -2.186327
v -0.692922 0.229080 -2.131009
v -0.692922 0.116784 -2.096944
v -0.692922 -0.000000 -2.085442
v -0.692922 -0.116784 -2.096944
v -0.692922 -0.229081 -2.131009
v -0.692922 -0.332573 -2.186327
v -0.692922 -0.423286 -2.260773
v -0.692922 -0.497731 -2.351485
v -0.692922 -0.553049 -2.454978
v -0.692922 -0.587114 -2.567274
v -0.692922 -0.598616 -2.684058
v -0.692922 -0.587113 -2.800842
v -0.692922 -0.553049 -2.913138
v -0.692922 -0.497730 -3.016631
v -0.692922 -0.423285 -3.107343
v -0.692922 -0.332572 -3.181788
v -0.692922 -0.229080 -3.237107
v -0.692922 -0.116783 -3.271171
v -0.007361 0.587113 -2.800842
v -0.007361 0.553049 -2.913138
v -0.007361 0.497731 -3.016630
v -0.007361 0.423285 -3.107343
v -0.007361 0.332573 -3.181788
v -0.007361 0.229080 -3.237106
v -0.007361 0.116784 -3.271171
v -0.007361 -0.000000 -3.282673
v -0.007361 0.598616 -2.684057
v -0.007361 0.587113 -2.567273
v -0.007361 0.553049 -2.454977
v -0.007361 0.497731 -2.351485
v -0.007361 0.423285 -2.260772
v -0.007361 0.332573 -2.186327
v -0.007361 0.229080 -2.131009
v -0.007361 0.116784 -2.096944
v -0.007361 -0.000000 -2.085442
v -0.007361 -0.116784 -2.096944
v -0.007361 -0.229081 -2.131009
v -0.007361 -0.332573 -2.186327
v -0.007361 -0.423286 -2.260773
v -0.007361 -0.497731 -2.351485
v -0.007361 -0.553049 -2.454978
v -0.007361 -0.587114 -2.567274
v -0.007361 -0.598616 -2.684058
v -0.007361 -0.587113 -2.800842
v -0.007361 -0.553049 -2.913138
v -0.007361 -0.497730 -3.016631
v -0.007361 -0.423285 -3.107343
v -0.007361 -0.332572 -3.181788
v -0.007361 -0.229080 -3.237107
v -0.007361 -0.116783 -3.271171
v 0.712269 0.587113 -2.800842
v 0.712269 0.553049 -2.913138
v 0.712269 0.497731 -3.016630
v 0.712269 0.423285 -3.107343
v 0.712269 0.332573 -3.181788
v 0.712269 0.229080 -3.237106
v 0.712269 0.116784 -3.271171
v 0.712269 -0.000000 -3.282673
v 0.712269 0.598616 -2.684057
v 0.712269 0.587113 -2.567273
v 0.712269 0.553049 -2.454977
v 0.712269 0.497731 -2.351485
v 0.712269 0.423285 -2.260772
v 0.712269 0.332573 -2.186327
v 0.712269 0.229080 -2.131009
v 0.712269 0.116784 -2.096944
v 0.712269 -0.000000 -2.085442
v 0.712269 -0.116784 -2.096944
v 0.712269 -0.229081 -2.131009
v 0.712269 -0.332573 -2.186327
v 0.712269 -0.423286 -2.260773
v 0.712269 -0.497731 -2.351485
v 0.712269 -0.553049 -2.454978
v 0.712269 -0.587114 -2.567274
v 0.712269 -0.598616 -2.684058
v 0.712269 -0.587113 -2.800842
v 0.712269 -0.553049 -2.913138
v 0.712269 -0.497730 -3.016631
v 0.712269 -0.423285 -3.107343
v 0.712269 -0.332572 -3.181788
v 0.712269 -0.229080 -3.237107
v 0.712269 -0.116783 -3.271171
v -1.540566 -0.393580 0.696022
v -1.540566 0.393580 0.696022
v -1.540566 -0.393580 -0.696022
v -1.540566 0.393580 -0.696022
v -0.148522 -0.393580 0.696022
v -0.148522 0.393580 0.696022
v -0.148522 -0.393580 -0.696022
v -0.148522 0.393580 -0.696022
v -1.540566 0.000000 0.892637
v -1.540566 0.000000 -0.892637
v -0.148522 0.000000 -0.892637
v -0.148522 0.000000 0.892637
v 1.099250 0.000000 -0.892637
v 1.099250 -0.393580 -0.696022
v 1.099250 -0.393580 0.696022
v 1.099250 0.393580 -0.696022
v 1.099250 0.393580 0.696022
v 1.099250 0.000000 0.892637
v 2.075451 -0.048657 -0.711144
v 2.075451 -0.362213 -0.554506
v 2.075451 -0.362213 0.554506
v 2.075451 0.264900 -0.554506
v 2.075451 0.264900 0.554506
v 2.075451 -0.048657 0.711144
v 2.790668 -0.105833 -0.485225
v 2.790668 -0.319777 -0.378348
v 2.790668 -0.319777 0.378348
v 2.790668 0.108112 -0.378348
v 2.790668 0.108112 0.378348
v 2.790668 -0.105833 0.485225
v 3.133705 -0.194989 -0.281347
v 3.133705 -0.319040 -0.219377
v 3.133705 -0.319040 0.219377
v 3.133705 -0.070938 -0.219377
v 3.133705 -0.070938 0.219377
v 3.133705 -0.194989 0.281347
v -0.148522 0.000000 -1.459092
v -0.148522 -0.393580 -1.137708
v -0.148522 0.000000 1.459092
v -0.148522 -0.393580 1.137708
v -0.148522 0.393580 -1.137708
v -0.148522 0.393580 1.137708
v 1.099250 0.000000 -1.459092
v 1.099250 -0.393580 -1.137708
v 1.099250 0.000000 1.459092
v 1.099250 -0.393580 1.137708
v 1.099250 0.393580 -1.137708
v 1.099250 0.393580 1.137708
f 401/1/1 390/2/1 426/3/1 432/4/1
f 394/5/2 388/6/2 392/7/2 395/8/2
f 397/9/3 400/10/3 406/11/3 403/12/3
f 396/13/4 390/2/4 386/14/4 393/15/4
f 387/16/5 391/17/5 389/18/5 385/19/5
f 392/7/1 388/20/1 386/21/1 390/2/1
f 13/22/6 12/23/6 11/24/6 10/25/6 9/26/6 1/27/6 2/28/6 3/29/6 4/30/6 5/31/6 6/32/6 7/33/6 8/34/6 32/35/6 31/36/6 30/37/6 29/38/6 28/39/6 27/40/6 26/41/6 25/42/6 24/43/6 23/44/6 22/45/6 21/46/6 20/47/6 19/48/6 18/49/6 17/50/6 16/51/6 15/52/6 14/53/6
f 45/54/6 44/55/6 43/56/6 42/57/6 41/58/6 33/59/6 34/60/6 35/61/6 36/62/6 37/63/6 38/64/6 39/65/6 40/66/6 64/67/6 63/68/6 62/69/6 61/70/6 60/71/6 59/72/6 58/73/6 57/74/6 56/75/6 55/76/6 54/77/6 53/78/6 52/79/6 51/80/6 50/81/6 49/82/6 48/83/6 47/84/6 46/85/6
f 77/86/6 76/87/6 75/88/6 74/89/6 73/90/6 65/91/6 66/92/6 67/93/6 68/94/6 69/95/6 70/96/6 71/97/6 72/98/6 96/99/6 95/100/6 94/101/6 93/102/6 92/103/6 91/104/6 90/105/6 89/106/6 88/107/6 87/108/6 86/109/6 85/110/6 84/111/6 83/112/6 82/113/6 81/114/6 80/115/6 79/116/6 78/117/6
f 109/118/6 108/119/6 107/120/6 106/121/6 105/122/6 97/123/6 98/124/6 99/125/6 100/126/6 101/127/6 102/128/6 103/129/6 104/130/6 128/131/6 127/132/6 126/133/6 125/134/6 124/135/6 123/136/6 122/137/6 121/138/6 120/139/6 119/140/6 118/141/6 117/142/6 116/143/6 115/144/6 114/145/6 113/146/6 112/147/6 111/148/6 110/149/6
f 141/150/6 140/151/6 139/152/6 138/153/6 137/154/6 129/155/6 130/156/6 131/157/6 132/158/6 133/159/6 134/160/6 135/161/6 136/162/6 160/163/6 159/164/6 158/165/6 157/166/6 156/167/6 155/168/6 154/169/6 153/170/6 152/171/6 151/172/6 150/173/6 149/174/6 148/175/6 147/176/6 146/177/6 145/178/6 144/179/6 143/180/6 142/181/6
f 173/182/6 172/183/6 171/184/6 170/185/6 169/186/6 161/187/6 162/188/6 163/189/6 164/190/6 165/191/6 166/192/6 167/193/6 168/194/6 192/195/6 191/196/6 190/197/6 189/198/6 188/199/6 187/200/6 186/201/6 185/202/6 184/203/6 183/204/6 182/205/6 181/206/6 180/207/6 179/208/6 178/209/6 177/210/6 176/211/6 175/212/6 174/213/6
f 365/214/6 364/215/6 363/216/6 362/217/6 361/218/6 353/219/6 354/220/6 355/221/6 356/222/6 357/223/6 358/224/6 359/225/6 360/226/6 384/227/6 383/228/6 382/229/6 381/230/6 380/231/6 379/232/6 378/233/6 377/234/6 376/235/6 375/236/6 374/237/6 373/238/6 372/239/6 371/240/6 370/241/6 369/242/6 368/243/6 367/244/6 366/245/6
f 269/246/6 268/247/6 267/248/6 266/249/6 265/250/6 257/251/6 258/252/6 259/253/6 260/254/6 261/255/6 262/256/6 263/257/6 264/258/6 288/259/6 287/260/6 286/261/6 285/262/6 284/263/6 283/264/6 282/265/6 281/266/6 280/267/6 279/268/6 278/269/6 277/270/6 276/271/6 275/272/6 274/273/6 273/274/6 272/275/6 271/276/6 270/277/6
f 333/278/6 332/279/6 331/280/6 330/281/6 329/282/6 321/283/6 322/284/6 323/285/6 324/286/6 325/287/6 326/288/6 327/289/6 328/290/6 352/291/6 351/292/6 350/293/6 349/294/6 348/295/6 347/296/6 346/297/6 345/298/6 344/299/6 343/300/6 342/301/6 341/302/6 340/303/6 339/304/6 338/305/6 337/306/6 336/307/6 335/308/6 334/309/6
f 237/310/6 236/311/6 235/312/6 234/313/6 233/314/6 225/315/6 226/316/6 227/317/6 228/318/6 229/319/6 230/320/6 231/321/6 232/322/6 256/323/6 255/324/6 254/325/6 253/326/6 252/327/6 251/328/6 250/329/6 249/330/6 248/331/6 247/332/6 246/333/6 245/334/6 244/335/6 243/336/6 242/337/6 241/338/6 240/339/6 239/340/6 238/341/6
f 205/342/6 204/343/6 203/344/6 202/345/6 201/346/6 193/347/6 194/348/6 195/349/6 196/350/6 197/351/6 198/352/6 199/353/6 200/354/6 224/355/6 223/356/6 222/357/6 221/358/6 220/359/6 219/360/6 218/361/6 217/362/6 216/363/6 215/364/6 214/365/6 213/366/6 212/367/6 211/368/6 210/369/6 209/370/6 208/371/6 207/372/6 206/373/6
f 301/374/6 300/375/6 299/376/6 298/377/6 297/378/6 289/379/6 290/380/6 291/381/6 292/382/6 293/383/6 294/384/6 295/385/6 296/386/6 320/387/6 319/388/6 318/389/6 317/390/6 316/391/6 315/392/6 314/393/6 313/394/6 312/395/6 311/396/6 310/397/6 309/398/6 308/399/6 307/400/6 306/401/6 305/402/6 304/403/6 303/404/6 302/405/6
f 389/18/7 396/13/7 393/15/7 385/406/7
f 400/10/8 397/9/8 427/407/8 431/408/8
f 387/409/9 394/5/9 395/8/9 391/17/9
f 389/18/5 391/17/5 398/410/5 399/411/5
f 392/7/1 390/2/1 401/1/1 400/10/1
f 390/2/6 396/13/6 423/412/6 426/3/6
f 399/411/8 402/413/8 429/414/8 430/415/8
f 407/416/10 408/417/10 414/418/10 413/419/10
f 400/10/11 401/1/11 407/416/11 406/11/11
f 401/1/12 402/413/12 408/417/12 407/416/12
f 402/413/13 399/411/13 405/420/13 408/417/13
f 399/411/14 398/410/14 404/421/14 405/420/14
f 398/410/15 397/9/15 403/12/15 404/421/15
f 409/422/16 412/423/16 418/424/16 415/425/16
f 408/417/17 405/420/17 411/426/17 414/418/17
f 405/420/18 404/421/18 410/427/18 411/426/18
f 403/12/19 406/11/19 412/423/19 409/422/19
f 406/11/20 407/416/20 413/419/20 412/423/20
f 404/421/21 403/12/21 409/422/21 410/427/21
f 416/428/8 415/425/8 418/424/8 419/429/8 420/430/8 417/431/8
f 412/423/22 413/419/22 419/429/22 418/424/22
f 410/427/23 409/422/23 415/425/23 416/428/23
f 413/419/24 414/418/24 420/430/24 419/429/24
f 414/418/25 411/426/25 417/431/25 420/430/25
f 411/426/26 410/427/26 416/428/26 417/431/26
f 421/432/27 425/433/27 431/408/27 427/407/27
f 423/412/28 424/434/28 430/415/28 429/414/28
f 422/435/29 421/432/29 427/407/29 428/436/29
f 426/3/30 423/412/30 429/414/30 432/4/30
f 398/410/5 391/17/5 422/435/5 428/436/5
f 396/13/6 389/18/6 424/434/6 423/412/6
f 391/17/6 395/8/6 421/432/6 422/435/6
f 402/413/8 401/1/8 432/4/8 429/414/8
f 392/7/1 400/10/1 431/408/1 425/433/1
f 397/9/8 398/410/8 428/436/8 427/407/8
f 389/18/5 399/411/5 430/415/5 424/434/5
f 395/8/6 392/7/6 425/433/6 421/432/6
