# Blender v2.92.0 OBJ File: 'tank.blend'
# www.blender.org
v 1.962827 0.417549 -0.989456
v 1.784381 -0.244066 -0.805736
v 1.962827 0.417549 0.989456
v 1.784381 -0.244066 0.805736
v -1.962827 0.417549 -0.989456
v -1.784381 -0.244066 -0.805736
v -1.962827 0.417549 0.989456
v -1.784381 -0.244066 0.805736
v 0.650858 0.628923 0.602732
v -1.197509 0.628923 0.602732
v 0.650858 0.628923 -0.602732
v -1.197509 0.628923 -0.602732
v 1.949510 0.134805 -0.800252
v -1.949510 0.134805 0.800252
v 1.949510 0.134805 0.800252
v -1.949510 0.134805 -0.800252
v -1.178187 0.217178 -1.075931
v -1.178187 0.258557 -0.807209
v -1.119613 0.211409 -1.075931
v -1.111540 0.251993 -0.807209
v -1.063290 0.194324 -1.075931
v -1.047455 0.232553 -0.807209
v -1.011383 0.166579 -1.075931
v -0.988394 0.200985 -0.807209
v -0.965886 0.129241 -1.075931
v -0.936627 0.158500 -0.807209
v -0.928548 0.083744 -1.075931
v -0.894142 0.106733 -0.807209
v -0.900803 0.031836 -1.075931
v -0.862573 0.047672 -0.807209
v -0.883718 -0.024486 -1.075931
v -0.843134 -0.016413 -0.807209
v -0.877949 -0.083060 -1.075931
v -0.836569 -0.083060 -0.807209
v -0.883718 -0.141633 -1.075931
v -0.843134 -0.149706 -0.807209
v -0.900803 -0.197956 -1.075931
v -0.862574 -0.213791 -0.807209
v -0.928548 -0.249863 -1.075931
v -0.894142 -0.272852 -0.807209
v -0.965886 -0.295360 -1.075931
v -0.936627 -0.324619 -0.807209
v -1.011383 -0.332698 -1.075931
v -0.988394 -0.367104 -0.807209
v -1.063290 -0.360443 -1.075931
v -1.047455 -0.398673 -0.807209
v -1.119613 -0.377528 -1.075931
v -1.111540 -0.418113 -0.807209
v -1.178187 -0.383297 -1.075931
v -1.178187 -0.424677 -0.807209
v -1.236760 -0.377528 -1.075931
v -1.244833 -0.418112 -0.807209
v -1.293083 -0.360443 -1.075931
v -1.308918 -0.398673 -0.807209
v -1.344990 -0.332698 -1.075931
v -1.367979 -0.367104 -0.807209
v -1.390487 -0.295360 -1.075931
v -1.419746 -0.324619 -0.807209
v -1.427825 -0.249863 -1.075931
v -1.462231 -0.272852 -0.807209
v -1.455570 -0.197955 -1.075931
v -1.493800 -0.213791 -0.807209
v -1.472655 -0.141633 -1.075931
v -1.513240 -0.149705 -0.807209
v -1.478424 -0.083059 -1.075931
v -1.519804 -0.083059 -0.807209
v -1.472655 -0.024486 -1.075931
v -1.513239 -0.016413 -0.807209
v -1.455570 0.031837 -1.075931
v -1.493799 0.047672 -0.807209
v -1.427825 0.083744 -1.075931
v -1.462230 0.106733 -0.807209
v -1.390486 0.129241 -1.075931
v -1.419746 0.158500 -0.807209
v -1.344989 0.166579 -1.075931
v -1.367978 0.200985 -0.807209
v -1.293082 0.194324 -1.075931
v -1.308917 0.232554 -0.807209
v -1.236760 0.211409 -1.075931
v -1.244832 0.251993 -0.807209
v 0.497123 0.663488 0.481385
v -0.510572 0.663488 0.481385
v 0.497123 0.663488 -0.481385
v -0.510572 0.663488 -0.481385
v 0.331794 1.021056 0.407347
v -0.472425 1.021056 0.407347
v 0.331794 1.021056 -0.407347
v -0.472425 1.021056 -0.407347
v -0.498138 0.749862 0.197042
v -0.498138 0.749862 -0.197042
v -0.484859 0.934682 0.166737
v -0.484859 0.934682 -0.166737
v -2.775846 0.913514 0.197042
v -2.775846 0.913514 -0.197042
v -2.762567 1.098334 0.166737
v -2.762567 1.098334 -0.166737
v 1.167314 0.217178 -1.075931
v 1.167314 0.258557 -0.807209
v 1.225888 0.211409 -1.075931
v 1.233960 0.251993 -0.807209
v 1.282210 0.194324 -1.075931
v 1.298045 0.232553 -0.807209
v 1.334117 0.166579 -1.075931
v 1.357106 0.200985 -0.807209
v 1.379614 0.129241 -1.075931
v 1.408874 0.158500 -0.807209
v 1.416953 0.083744 -1.075931
v 1.451359 0.106733 -0.807209
v 1.444698 0.031836 -1.075931
v 1.482927 0.047672 -0.807209
v 1.461783 -0.024486 -1.075931
v 1.502367 -0.016413 -0.807209
v 1.467552 -0.083060 -1.075931
v 1.508931 -0.083060 -0.807209
v 1.461783 -0.141633 -1.075931
v 1.502367 -0.149706 -0.807209
v 1.444698 -0.197956 -1.075931
v 1.482927 -0.213791 -0.807209
v 1.416953 -0.249863 -1.075931
v 1.451359 -0.272852 -0.807209
v 1.379614 -0.295360 -1.075931
v 1.408874 -0.324619 -0.807209
v 1.334117 -0.332698 -1.075931
v 1.357106 -0.367104 -0.807209
v 1.282210 -0.360443 -1.075931
v 1.298045 -0.398673 -0.807209
v 1.225888 -0.377528 -1.075931
v 1.233960 -0.418113 -0.807209
v 1.167314 -0.383297 -1.075931
v 1.167314 -0.424677 -0.807209
v 1.108741 -0.377528 -1.075931
v 1.100668 -0.418112 -0.807209
v 1.052418 -0.360443 -1.075931
v 1.036583 -0.398673 -0.807209
v 1.000511 -0.332698 -1.075931
v 0.977522 -0.367104 -0.807209
v 0.955014 -0.295360 -1.075931
v 0.925754 -0.324619 -0.807209
v 0.917676 -0.249863 -1.075931
v 0.883270 -0.272852 -0.807209
v 0.889931 -0.197955 -1.075931
v 0.851701 -0.213791 -0.807209
v 0.872845 -0.141633 -1.075931
v 0.832261 -0.149705 -0.807209
v 0.867076 -0.083059 -1.075931
v 0.825697 -0.083059 -0.807209
v 0.872846 -0.024486 -1.075931
v 0.832261 -0.016413 -0.807209
v 0.889931 0.031837 -1.075931
v 0.851702 0.047672 -0.807209
v 0.917676 0.083744 -1.075931
v 0.883270 0.106733 -0.807209
v 0.955014 0.129241 -1.075931
v 0.925755 0.158500 -0.807209
v 1.000511 0.166579 -1.075931
v 0.977522 0.200985 -0.807209
v 1.052419 0.194324 -1.075931
v 1.036584 0.232554 -0.807209
v 1.108741 0.211409 -1.075931
v 1.100669 0.251993 -0.807209
v 0.376992 0.217178 -1.075931
v 0.376992 0.258557 -0.807209
v 0.435566 0.211409 -1.075931
v 0.443638 0.251993 -0.807209
v 0.491888 0.194324 -1.075931
v 0.507723 0.232553 -0.807209
v 0.543795 0.166579 -1.075931
v 0.566784 0.200985 -0.807209
v 0.589292 0.129241 -1.075931
v 0.618552 0.158500 -0.807209
v 0.626631 0.083744 -1.075931
v 0.661036 0.106733 -0.807209
v 0.654376 0.031836 -1.075931
v 0.692605 0.047672 -0.807209
v 0.671461 -0.024486 -1.075931
v 0.712045 -0.016413 -0.807209
v 0.677230 -0.083060 -1.075931
v 0.718609 -0.083060 -0.807209
v 0.671461 -0.141633 -1.075931
v 0.712045 -0.149706 -0.807209
v 0.654376 -0.197956 -1.075931
v 0.692605 -0.213791 -0.807209
v 0.626631 -0.249863 -1.075931
v 0.661036 -0.272852 -0.807209
v 0.589292 -0.295360 -1.075931
v 0.618552 -0.324619 -0.807209
v 0.543795 -0.332698 -1.075931
v 0.566784 -0.367104 -0.807209
v 0.491888 -0.360443 -1.075931
v 0.507723 -0.398673 -0.807209
v 0.435566 -0.377528 -1.075931
v 0.443638 -0.418113 -0.807209
v 0.376992 -0.383297 -1.075931
v 0.376992 -0.424677 -0.807209
v 0.318419 -0.377528 -1.075931
v 0.310346 -0.418112 -0.807209
v 0.262096 -0.360443 -1.075931
v 0.246261 -0.398673 -0.807209
v 0.210189 -0.332698 -1.075931
v 0.187200 -0.367104 -0.807209
v 0.164692 -0.295360 -1.075931
v 0.135432 -0.324619 -0.807209
v 0.127354 -0.249863 -1.075931
v 0.092948 -0.272852 -0.807209
v 0.099609 -0.197955 -1.075931
v 0.061379 -0.213791 -0.807209
v 0.082523 -0.141633 -1.075931
v 0.041939 -0.149705 -0.807209
v 0.076754 -0.083059 -1.075931
v 0.035375 -0.083059 -0.807209
v 0.082523 -0.024486 -1.075931
v 0.041939 -0.016413 -0.807209
v 0.099609 0.031837 -1.075931
v 0.061379 0.047672 -0.807209
v 0.127354 0.083744 -1.075931
v 0.092948 0.106733 -0.807209
v 0.164692 0.129241 -1.075931
v 0.135433 0.158500 -0.807209
v 0.210189 0.166579 -1.075931
v 0.187200 0.200985 -0.807209
v 0.262096 0.194324 -1.075931
v 0.246261 0.232554 -0.807209
v 0.318419 0.211409 -1.075931
v 0.310346 0.251993 -0.807209
v -0.411253 0.217178 -1.075931
v -0.411253 0.258557 -0.807209
v -0.352680 0.211409 -1.075931
v -0.344607 0.251993 -0.807209
v -0.296357 0.194324 -1.075931
v -0.280522 0.232553 -0.807209
v -0.244450 0.166579 -1.075931
v -0.221461 0.200985 -0.807209
v -0.198953 0.129241 -1.075931
v -0.169693 0.158500 -0.807209
v -0.161614 0.083744 -1.075931
v -0.127209 0.106733 -0.807209
v -0.133869 0.031836 -1.075931
v -0.095640 0.047672 -0.807209
v -0.116784 -0.024486 -1.075931
v -0.076200 -0.016413 -0.807209
v -0.111015 -0.083060 -1.075931
v -0.069636 -0.083060 -0.807209
v -0.116784 -0.141633 -1.075931
v -0.076200 -0.149706 -0.807209
v -0.133870 -0.197956 -1.075931
v -0.095640 -0.213791 -0.807209
v -0.161614 -0.249863 -1.075931
v -0.127209 -0.272852 -0.807209
v -0.198953 -0.295360 -1.075931
v -0.169693 -0.324619 -0.807209
v -0.244450 -0.332698 -1.075931
v -0.221461 -0.367104 -0.807209
v -0.296357 -0.360443 -1.075931
v -0.280522 -0.398673 -0.807209
v -0.352680 -0.377528 -1.075931
v -0.344607 -0.418113 -0.807209
v -0.411253 -0.383297 -1.075931
v -0.411253 -0.424677 -0.807209
v -0.469827 -0.377528 -1.075931
v -0.477899 -0.418112 -0.807209
v -0.526149 -0.360443 -1.075931
v -0.541984 -0.398673 -0.807209
v -0.578056 -0.332698 -1.075931
v -0.601045 -0.367104 -0.807209
v -0.623553 -0.295360 -1.075931
v -0.652813 -0.324619 -0.807209
v -0.660892 -0.249863 -1.075931
v -0.695297 -0.272852 -0.807209
v -0.688637 -0.197955 -1.075931
v -0.726866 -0.213791 -0.807209
v -0.705722 -0.141633 -1.075931
v -0.746306 -0.149705 -0.807209
v -0.711491 -0.083059 -1.075931
v -0.752870 -0.083059 -0.807209
v -0.705722 -0.024486 -1.075931
v -0.746306 -0.016413 -0.807209
v -0.688636 0.031837 -1.075931
v -0.726866 0.047672 -0.807209
v -0.660891 0.083744 -1.075931
v -0.695297 0.106733 -0.807209
v -0.623553 0.129241 -1.075931
v -0.652812 0.158500 -0.807209
v -0.578056 0.166579 -1.075931
v -0.601045 0.200985 -0.807209
v -0.526149 0.194324 -1.075931
v -0.541984 0.232554 -0.807209
v -0.469826 0.211409 -1.075931
v -0.477899 0.251993 -0.807209
v -1.178187 0.217178 1.095198
v -1.178187 0.258557 0.826476
v -1.119613 0.211409 1.095198
v -1.111540 0.251993 0.826476
v -1.063290 0.194324 1.095198
v -1.047455 0.232553 0.826476
v -1.011383 0.166579 1.095198
v -0.988394 0.200985 0.826476
v -0.965886 0.129241 1.095198
v -0.936627 0.158500 0.826476
v -0.928548 0.083744 1.095198
v -0.894142 0.106733 0.826476
v -0.900803 0.031836 1.095198
v -0.862573 0.047672 0.826476
v -0.883718 -0.024486 1.095198
v -0.843134 -0.016413 0.826476
v -0.877949 -0.083060 1.095198
v -0.836569 -0.083060 0.826476
v -0.883718 -0.141633 1.095198
v -0.843134 -0.149706 0.826476
v -0.900803 -0.197956 1.095198
v -0.862574 -0.213791 0.826476
v -0.928548 -0.249863 1.095198
v -0.894142 -0.272852 0.826476
v -0.965886 -0.295360 1.095198
v -0.936627 -0.324619 0.826476
v -1.011383 -0.332698 1.095198
v -0.988394 -0.367104 0.826476
v -1.063290 -0.360443 1.095198
v -1.047455 -0.398673 0.826476
v -1.119613 -0.377528 1.095198
v -1.111540 -0.418113 0.826476
v -1.178187 -0.383297 1.095198
v -1.178187 -0.424677 0.826476
v -1.236760 -0.377528 1.095198
v -1.244833 -0.418112 0.826476
v -1.293083 -0.360443 1.095198
v -1.308918 -0.398673 0.826476
v -1.344990 -0.332698 1.095198
v -1.367979 -0.367104 0.826476
v -1.390487 -0.295360 1.095198
v -1.419746 -0.324619 0.826476
v -1.427825 -0.249863 1.095198
v -1.462231 -0.272852 0.826476
v -1.455570 -0.197955 1.095198
v -1.493800 -0.213791 0.826476
v -1.472655 -0.141633 1.095198
v -1.513240 -0.149705 0.826476
v -1.478424 -0.083059 1.095198
v -1.519804 -0.083059 0.826476
v -1.472655 -0.024486 1.095198
v -1.513239 -0.016413 0.826476
v -1.455570 0.031837 1.095198
v -1.493799 0.047672 0.826476
v -1.427825 0.083744 1.095198
v -1.462230 0.106733 0.826476
v -1.390486 0.129241 1.095198
v -1.419746 0.158500 0.826476
v -1.344989 0.166579 1.095198
v -1.367978 0.200985 0.826476
v -1.293082 0.194324 1.095198
v -1.308917 0.232554 0.826476
v -1.236760 0.211409 1.095198
v -1.244832 0.251993 0.826476
v 1.167314 0.217178 1.095198
v 1.167314 0.258557 0.826476
v 1.225888 0.211409 1.095198
v 1.233960 0.251993 0.826476
v 1.282210 0.194324 1.095198
v 1.298045 0.232553 0.826476
v 1.334117 0.166579 1.095198
v 1.357106 0.200985 0.826476
v 1.379614 0.129241 1.095198
v 1.408874 0.158500 0.826476
v 1.416953 0.083744 1.095198
v 1.451359 0.106733 0.826476
v 1.444698 0.031836 1.095198
v 1.482927 0.047672 0.826476
v 1.461783 -0.024486 1.095198
v 1.502367 -0.016413 0.826476
v 1.467552 -0.083060 1.095198
v 1.508931 -0.083060 0.826476
v 1.461783 -0.141633 1.095198
v 1.502367 -0.149706 0.826476
v 1.444698 -0.197956 1.095198
v 1.482927 -0.213791 0.826476
v 1.416953 -0.249863 1.095198
v 1.451359 -0.272852 0.826476
v 1.379614 -0.295360 1.095198
v 1.408874 -0.324619 0.826476
v 1.334117 -0.332698 1.095198
v 1.357106 -0.367104 0.826476
v 1.282210 -0.360443 1.095198
v 1.298045 -0.398673 0.826476
v 1.225888 -0.377528 1.095198
v 1.233960 -0.418113 0.826476
v 1.167314 -0.383297 1.095198
v 1.167314 -0.424677 0.826476
v 1.108741 -0.377528 1.095198
v 1.100668 -0.418112 0.826476
v 1.052418 -0.360443 1.095198
v 1.036583 -0.398673 0.826476
v 1.000511 -0.332698 1.095198
v 0.977522 -0.367104 0.826476
v 0.955014 -0.295360 1.095198
v 0.925754 -0.324619 0.826476
v 0.917676 -0.249863 1.095198
v 0.883270 -0.272852 0.826476
v 0.889931 -0.197955 1.095198
v 0.851701 -0.213791 0.826476
v 0.872845 -0.141633 1.095198
v 0.832261 -0.149705 0.826476
v 0.867076 -0.083059 1.095198
v 0.825697 -0.083059 0.826476
v 0.872846 -0.024486 1.095198
v 0.832261 -0.016413 0.826476
v 0.889931 0.031837 1.095198
v 0.851702 0.047672 0.826476
v 0.917676 0.083744 1.095198
v 0.883270 0.106733 0.826476
v 0.955014 0.129241 1.095198
v 0.925755 0.158500 0.826476
v 1.000511 0.166579 1.095198
v 0.977522 0.200985 0.826476
v 1.052419 0.194324 1.095198
v 1.036584 0.232554 0.826476
v 1.108741 0.211409 1.095198
v 1.100669 0.251993 0.826476
v 0.376992 0.217178 1.095198
v 0.376992 0.258557 0.826476
v 0.435566 0.211409 1.095198
v 0.443638 0.251993 0.826476
v 0.491888 0.194324 1.095198
v 0.507723 0.232553 0.826476
v 0.543795 0.166579 1.095198
v 0.566784 0.200985 0.826476
v 0.589292 0.129241 1.095198
v 0.618552 0.158500 0.826476
v 0.626631 0.083744 1.095198
v 0.661036 0.106733 0.826476
v 0.654376 0.031836 1.095198
v 0.692605 0.047672 0.826476
v 0.671461 -0.024486 1.095198
v 0.712045 -0.016413 0.826476
v 0.677230 -0.083060 1.095198
v 0.718609 -0.083060 0.826476
v 0.671461 -0.141633 1.095198
v 0.712045 -0.149706 0.826476
v 0.654376 -0.197956 1.095198
v 0.692605 -0.213791 0.826476
v 0.626631 -0.249863 1.095198
v 0.661036 -0.272852 0.826476
v 0.589292 -0.295360 1.095198
v 0.618552 -0.324619 0.826476
v 0.543795 -0.332698 1.095198
v 0.566784 -0.367104 0.826476
v 0.491888 -0.360443 1.095198
v 0.507723 -0.398673 0.826476
v 0.435566 -0.377528 1.095198
v 0.443638 -0.418113 0.826476
v 0.376992 -0.383297 1.095198
v 0.376992 -0.424677 0.826476
v 0.318419 -0.377528 1.095198
v 0.310346 -0.418112 0.826476
v 0.262096 -0.360443 1.095198
v 0.246261 -0.398673 0.826476
v 0.210189 -0.332698 1.095198
v 0.187200 -0.367104 0.826476
v 0.164692 -0.295360 1.095198
v 0.135432 -0.324619 0.826476
v 0.127354 -0.249863 1.095198
v 0.092948 -0.272852 0.826476
v 0.099609 -0.197955 1.095198
v 0.061379 -0.213791 0.826476
v 0.082523 -0.141633 1.095198
v 0.041939 -0.149705 0.826476
v 0.076754 -0.083059 1.095198
v 0.035375 -0.083059 0.826476
v 0.082523 -0.024486 1.095198
v 0.041939 -0.016413 0.826476
v 0.099609 0.031837 1.095198
v 0.061379 0.047672 0.826476
v 0.127354 0.083744 1.095198
v 0.092948 0.106733 0.826476
v 0.164692 0.129241 1.095198
v 0.135433 0.158500 0.826476
v 0.210189 0.166579 1.095198
v 0.187200 0.200985 0.826476
v 0.262096 0.194324 1.095198
v 0.246261 0.232554 0.826476
v 0.318419 0.211409 1.095198
v 0.310346 0.251993 0.826476
v -0.411253 0.217178 1.095198
v -0.411253 0.258557 0.826476
v -0.352680 0.211409 1.095198
v -0.344607 0.251993 0.826476
v -0.296357 0.194324 1.095198
v -0.280522 0.232553 0.826476
v -0.244450 0.166579 1.095198
v -0.221461 0.200985 0.826476
v -0.198953 0.129241 1.095198
v -0.169693 0.158500 0.826476
v -0.161614 0.083744 1.095198
v -0.127209 0.106733 0.826476
v -0.133869 0.031836 1.095198
v -0.095640 0.047672 0.826476
v -0.116784 -0.024486 1.095198
v -0.076200 -0.016413 0.826476
v -0.111015 -0.083060 1.095198
v -0.069636 -0.083060 0.826476
v -0.116784 -0.141633 1.095198
v -0.076200 -0.149706 0.826476
v -0.133870 -0.197956 1.095198
v -0.095640 -0.213791 0.826476
v -0.161614 -0.249863 1.095198
v -0.127209 -0.272852 0.826476
v -0.198953 -0.295360 1.095198
v -0.169693 -0.324619 0.826476
v -0.244450 -0.332698 1.095198
v -0.221461 -0.367104 0.826476
v -0.296357 -0.360443 1.095198
v -0.280522 -0.398673 0.826476
v -0.352680 -0.377528 1.095198
v -0.344607 -0.418113 0.826476
v -0.411253 -0.383297 1.095198
v -0.411253 -0.424677 0.826476
v -0.469827 -0.377528 1.095198
v -0.477899 -0.418112 0.826476
v -0.526149 -0.360443 1.095198
v -0.541984 -0.398673 0.826476
v -0.578056 -0.332698 1.095198
v -0.601045 -0.367104 0.826476
v -0.623553 -0.295360 1.095198
v -0.652813 -0.324619 0.826476
v -0.660892 -0.249863 1.095198
v -0.695297 -0.272852 0.826476
v -0.688637 -0.197955 1.095198
v -0.726866 -0.213791 0.826476
v -0.705722 -0.141633 1.095198
v -0.746306 -0.149705 0.826476
v -0.711491 -0.083059 1.095198
v -0.752870 -0.083059 0.826476
v -0.705722 -0.024486 1.095198
v -0.746306 -0.016413 0.826476
v -0.688636 0.031837 1.095198
v -0.726866 0.047672 0.826476
v -0.660891 0.083744 1.095198
v -0.695297 0.106733 0.826476
v -0.623553 0.129241 1.095198
v -0.652812 0.158500 0.826476
v -0.578056 0.166579 1.095198
v -0.601045 0.200985 0.826476
v -0.526149 0.194324 1.095198
v -0.541984 0.232554 0.826476
v -0.469826 0.211409 1.095198
v -0.477899 0.251993 0.826476
f 15/1/1 3/2/1 7/3/1 14/4/1
f 16/5/2 5/6/2 1/7/2 13/8/2
f 11/9/3 12/10/3 10/11/3 9/12/3
f 5/6/4 7/13/4 10/14/4 12/15/4
f 3/2/5 1/7/5 11/9/5 9/12/5
f 2/16/6 13/8/6 15/1/6 4/17/6
f 8/18/7 14/19/7 16/5/7 6/20/7
f 103/21/8 104/22/8 106/23/8 105/24/8
f 19/25/9 20/26/9 22/27/9 21/28/9
f 107/29/10 108/30/10 110/31/10 109/32/10
f 23/33/8 24/34/8 26/35/8 25/36/8
f 111/37/11 112/38/11 114/39/11 113/40/11
f 27/41/10 28/42/10 30/43/10 29/44/10
f 115/45/12 116/46/12 118/47/12 117/48/12
f 31/49/11 32/50/11 34/51/11 33/52/11
f 119/53/13 120/54/13 122/55/13 121/56/13
f 35/57/12 36/58/12 38/59/12 37/60/12
f 123/61/14 124/62/14 126/63/14 125/64/14
f 39/65/13 40/66/13 42/67/13 41/68/13
f 127/69/15 128/70/15 130/71/15 129/72/15
f 43/73/14 44/74/14 46/75/14 45/76/14
f 47/77/15 48/78/15 50/79/15 49/80/15
f 51/81/16 52/82/16 54/83/16 53/84/16
f 55/85/17 56/86/17 58/87/17 57/88/17
f 59/89/18 60/90/18 62/91/18 61/92/18
f 63/93/19 64/94/19 66/95/19 65/96/19
f 67/97/20 68/98/20 70/99/20 69/100/20
f 71/101/21 72/102/21 74/103/21 73/104/21
f 75/105/22 76/106/22 78/107/22 77/108/22
f 99/109/9 100/110/9 102/111/9 101/112/9
f 79/113/23 80/114/23 18/115/23 17/116/23
f 17/117/24 19/118/24 21/119/24 23/120/24 25/121/24 27/122/24 29/123/24 31/124/24 33/125/24 35/126/24 37/127/24 39/128/24 41/129/24 43/130/24 45/131/24 47/132/24 49/133/24 51/134/24 53/135/24 55/136/24 57/137/24 59/138/24 61/139/24 63/140/24 65/141/24 67/142/24 69/143/24 71/144/24 73/145/24 75/146/24 77/147/24 79/148/24
f 83/149/25 81/150/25 82/151/25 84/152/25
f 87/153/3 88/154/3 86/155/3 85/156/3
f 84/152/26 82/151/26 86/155/26 88/154/26
f 81/150/27 83/149/27 87/153/27 85/156/27
f 90/157/28 92/158/28 91/159/28 89/160/28
f 94/161/29 93/162/29 95/163/29 96/164/29
f 91/159/30 92/158/30 96/164/30 95/163/30
f 90/157/31 89/160/31 93/162/31 94/161/31
f 131/165/16 132/166/16 134/167/16 133/168/16
f 135/169/17 136/170/17 138/171/17 137/172/17
f 139/173/18 140/174/18 142/175/18 141/176/18
f 143/177/19 144/178/19 146/179/19 145/180/19
f 147/181/20 148/182/20 150/183/20 149/184/20
f 151/185/21 152/186/21 154/187/21 153/188/21
f 155/189/22 156/190/22 158/191/22 157/192/22
f 159/193/23 160/194/23 98/195/23 97/196/23
f 97/197/24 99/198/24 101/199/24 103/200/24 105/201/24 107/202/24 109/203/24 111/204/24 113/205/24 115/206/24 117/207/24 119/208/24 121/209/24 123/210/24 125/211/24 127/212/24 129/213/24 131/214/24 133/215/24 135/216/24 137/217/24 139/218/24 141/219/24 143/220/24 145/221/24 147/222/24 149/223/24 151/224/24 153/225/24 155/226/24 157/227/24 159/228/24
f 167/229/8 168/230/8 170/231/8 169/232/8
f 171/233/10 172/234/10 174/235/10 173/236/10
f 175/237/11 176/238/11 178/239/11 177/240/11
f 179/241/12 180/242/12 182/243/12 181/244/12
f 183/245/13 184/246/13 186/247/13 185/248/13
f 187/249/14 188/250/14 190/251/14 189/252/14
f 191/253/15 192/254/15 194/255/15 193/256/15
f 163/257/9 164/258/9 166/259/9 165/260/9
f 195/261/16 196/262/16 198/263/16 197/264/16
f 199/265/17 200/266/17 202/267/17 201/268/17
f 203/269/18 204/270/18 206/271/18 205/272/18
f 207/273/19 208/274/19 210/275/19 209/276/19
f 211/277/20 212/278/20 214/279/20 213/280/20
f 215/281/21 216/282/21 218/283/21 217/284/21
f 219/285/22 220/286/22 222/287/22 221/288/22
f 223/289/23 224/290/23 162/291/23 161/292/23
f 161/293/24 163/294/24 165/295/24 167/296/24 169/297/24 171/298/24 173/299/24 175/300/24 177/301/24 179/302/24 181/303/24 183/304/24 185/305/24 187/306/24 189/307/24 191/308/24 193/309/24 195/310/24 197/311/24 199/312/24 201/313/24 203/314/24 205/315/24 207/316/24 209/317/24 211/318/24 213/319/24 215/320/24 217/321/24 219/322/24 221/323/24 223/324/24
f 231/325/8 232/326/8 234/327/8 233/328/8
f 235/329/10 236/330/10 238/331/10 237/332/10
f 239/333/11 240/334/11 242/335/11 241/336/11
f 243/337/12 244/338/12 246/339/12 245/340/12
f 247/341/13 248/342/13 250/343/13 249/344/13
f 251/345/14 252/346/14 254/347/14 253/348/14
f 255/349/15 256/350/15 258/351/15 257/352/15
f 227/353/9 228/354/9 230/355/9 229/356/9
f 259/357/16 260/358/16 262/359/16 261/360/16
f 263/361/17 264/362/17 266/363/17 265/364/17
f 267/365/18 268/366/18 270/367/18 269/368/18
f 271/369/19 272/370/19 274/371/19 273/372/19
f 275/373/20 276/374/20 278/375/20 277/376/20
f 279/377/21 280/378/21 282/379/21 281/380/21
f 283/381/22 284/382/22 286/383/22 285/384/22
f 287/385/23 288/386/23 226/387/23 225/388/23
f 225/389/24 227/390/24 229/391/24 231/392/24 233/393/24 235/394/24 237/395/24 239/396/24 241/397/24 243/398/24 245/399/24 247/400/24 249/401/24 251/402/24 253/403/24 255/404/24 257/405/24 259/406/24 261/407/24 263/408/24 265/409/24 267/410/24 269/411/24 271/412/24 273/413/24 275/414/24 277/415/24 279/416/24 281/417/24 283/418/24 285/419/24 287/420/24
f 359/421/17 360/422/17 362/423/17 361/424/17
f 291/425/16 292/426/16 294/427/16 293/428/16
f 363/429/18 364/430/18 366/431/18 365/432/18
f 295/433/17 296/434/17 298/435/17 297/436/17
f 367/437/19 368/438/19 370/439/19 369/440/19
f 299/441/18 300/442/18 302/443/18 301/444/18
f 371/445/20 372/446/20 374/447/20 373/448/20
f 303/449/19 304/450/19 306/451/19 305/452/19
f 375/453/21 376/454/21 378/455/21 377/456/21
f 307/457/20 308/458/20 310/459/20 309/460/20
f 379/461/22 380/462/22 382/463/22 381/464/22
f 311/465/21 312/466/21 314/467/21 313/468/21
f 383/469/23 384/470/23 386/471/23 385/472/23
f 315/473/22 316/474/22 318/475/22 317/476/22
f 319/477/23 320/478/23 322/479/23 321/480/23
f 323/481/9 324/482/9 326/483/9 325/484/9
f 327/485/8 328/486/8 330/487/8 329/488/8
f 331/489/10 332/490/10 334/491/10 333/492/10
f 335/493/11 336/494/11 338/495/11 337/496/11
f 339/497/12 340/498/12 342/499/12 341/500/12
f 343/501/13 344/502/13 346/503/13 345/504/13
f 347/505/14 348/506/14 350/507/14 349/508/14
f 355/509/16 356/510/16 358/511/16 357/512/16
f 351/513/15 352/514/15 290/515/15 289/516/15
f 289/517/24 291/518/24 293/519/24 295/520/24 297/521/24 299/522/24 301/523/24 303/524/24 305/525/24 307/526/24 309/527/24 311/528/24 313/529/24 315/530/24 317/531/24 319/532/24 321/533/24 323/534/24 325/535/24 327/536/24 329/537/24 331/538/24 333/539/24 335/540/24 337/541/24 339/542/24 341/543/24 343/544/24 345/545/24 347/546/24 349/547/24 351/548/24
f 387/549/9 388/550/9 390/551/9 389/552/9
f 391/553/8 392/554/8 394/555/8 393/556/8
f 395/557/10 396/558/10 398/559/10 397/560/10
f 399/561/11 400/562/11 402/563/11 401/564/11
f 403/565/12 404/566/12 406/567/12 405/568/12
f 407/569/13 408/570/13 410/571/13 409/572/13
f 411/573/14 412/574/14 414/575/14 413/576/14
f 415/577/15 416/578/15 354/579/15 353/580/15
f 353/581/24 355/582/24 357/583/24 359/584/24 361/585/24 363/586/24 365/587/24 367/588/24 369/589/24 371/590/24 373/591/24 375/592/24 377/593/24 379/594/24 381/595/24 383/596/24 385/597/24 387/598/24 389/599/24 391/600/24 393/601/24 395/602/24 397/603/24 399/604/24 401/605/24 403/606/24 405/607/24 407/608/24 409/609/24 411/610/24 413/611/24 415/612/24
f 423/613/17 424/614/17 426/615/17 425/616/17
f 427/617/18 428/618/18 430/619/18 429/620/18
f 431/621/19 432/622/19 434/623/19 433/624/19
f 435/625/20 436/626/20 438/627/20 437/628/20
f 439/629/21 440/630/21 442/631/21 441/632/21
f 443/633/22 444/634/22 446/635/22 445/636/22
f 447/637/23 448/638/23 450/639/23 449/640/23
f 419/641/16 420/642/16 422/643/16 421/644/16
f 451/645/9 452/646/9 454/647/9 453/648/9
f 455/649/8 456/650/8 458/651/8 457/652/8
f 459/653/10 460/654/10 462/655/10 461/656/10
f 463/657/11 464/658/11 466/659/11 465/660/11
f 467/661/12 468/662/12 470/663/12 469/664/12
f 471/665/13 472/666/13 474/667/13 473/668/13
f 475/669/14 476/670/14 478/671/14 477/672/14
f 479/673/15 480/674/15 418/675/15 417/676/15
f 417/677/24 419/678/24 421/679/24 423/680/24 425/681/24 427/682/24 429/683/24 431/684/24 433/685/24 435/686/24 437/687/24 439/688/24 441/689/24 443/690/24 445/691/24 447/692/24 449/693/24 451/694/24 453/695/24 455/696/24 457/697/24 459/698/24 461/699/24 463/700/24 465/701/24 467/702/24 469/703/24 471/704/24 473/705/24 475/706/24 477/707/24 479/708/24
f 487/709/17 488/710/17 490/711/17 489/712/17
f 491/713/18 492/714/18 494/715/18 493/716/18
f 495/717/19 496/718/19 498/719/19 497/720/19
f 499/721/20 500/722/20 502/723/20 501/724/20
f 503/725/21 504/726/21 506/727/21 505/728/21
f 507/729/22 508/730/22 510/731/22 509/732/22
f 511/733/23 512/734/23 514/735/23 513/736/23
f 483/737/16 484/738/16 486/739/16 485/740/16
f 515/741/9 516/742/9 518/743/9 517/744/9
f 519/745/8 520/746/8 522/747/8 521/748/8
f 523/749/10 524/750/10 526/751/10 525/752/10
f 527/753/11 528/754/11 530/755/11 529/756/11
f 531/757/12 532/758/12 534/759/12 533/760/12
f 535/761/13 536/762/13 538/763/13 537/764/13
f 539/765/14 540/766/14 542/767/14 541/768/14
f 543/769/15 544/770/15 482/771/15 481/772/15
f 481/773/24 483/774/24 485/775/24 487/776/24 489/777/24 491/778/24 493/779/24 495/780/24 497/781/24 499/782/24 501/783/24 503/784/24 505/785/24 507/786/24 509/787/24 511/788/24 513/789/24 515/790/24 517/791/24 519/792/24 521/793/24 523/794/24 525/795/24 527/796/24 529/797/24 531/798/24 533/799/24 535/800/24 537/801/24 539/802/24 541/803/24 543/804/24
