# Blender v2.92.0 OBJ File: 'terrain.blend'
# www.blender.org
mtllib terrain.mtl
o Cube
v -2.505676 0.055834 4.176126
v -1.670450 0.055834 4.176126
v -0.835225 0.055834 4.176126
v 0.000000 0.055834 4.176126
v 0.835225 0.055834 4.176126
v 1.670451 0.055834 4.176126
v 2.505676 0.273004 4.176126
v 3.340901 0.273004 4.176126
v 4.176126 0.055834 -4.176126
v 4.176126 0.055834 4.176126
v -4.176126 0.055834 -4.176126
v -4.176126 0.055834 4.176126
v -3.340901 0.055834 4.176126
v -3.340901 0.055834 -4.176126
v -2.505676 0.055834 -4.176126
v -1.670451 0.055834 -4.176126
v -0.835225 0.055834 -4.176126
v -0.000000 0.055834 -4.176126
v 0.835225 0.055834 -4.176126
v 1.670450 0.055834 -4.176126
v 2.505676 0.124345 -4.176126
v 3.340901 0.124345 -4.176126
v 4.176126 0.124345 -3.340901
v 4.176126 0.124345 -2.505676
v 4.176126 0.055834 -1.670451
v 4.176126 0.055834 -0.835225
v 4.176126 0.055834 -0.000000
v 4.176126 0.055834 0.835225
v 4.176126 0.055834 1.670450
v 4.176126 0.273004 2.505676
v 4.176126 0.273004 3.340901
v -4.176126 0.055834 3.340901
v -4.176126 0.055834 2.505676
v -4.176126 0.055834 1.670451
v -4.176126 0.055834 0.835225
v -4.176126 0.055834 0.000000
v -4.176126 0.055834 -0.835225
v -4.176126 0.055834 -1.670450
v -4.176126 0.055834 -2.505676
v -4.176126 0.055834 -3.340901
v 3.340901 1.000753 -3.340901
v 3.340901 1.000753 -2.505676
v 3.340901 0.124345 -1.670451
v 3.340901 0.055834 -0.835225
v 3.340901 0.055834 -0.000000
v 3.340901 0.055834 0.835225
v 3.340901 0.273003 1.670450
v 3.340901 1.173807 2.505676
v 3.340901 1.173807 3.340901
v 2.505676 1.000753 -3.340901
v 2.505676 1.000753 -2.505676
v 2.505676 0.124345 -1.670451
v 2.505676 0.055834 -0.835225
v 2.505676 0.055834 -0.000000
v 2.505676 0.055834 0.835225
v 2.505676 0.273003 1.670450
v 2.505676 1.173807 2.505676
v 2.505676 1.173807 3.340901
v 1.670450 0.124345 -3.340901
v 1.670450 0.124345 -2.505676
v 1.670450 0.082759 -1.670451
v 1.670450 0.082321 -0.835225
v 1.670450 0.082343 -0.000000
v 1.670450 0.082321 0.835225
v 1.670450 0.082759 1.670450
v 1.670450 0.273003 2.505676
v 1.670450 0.273003 3.340901
v 0.835225 0.055834 -3.340901
v 0.835225 0.082759 -2.505676
v 0.835225 0.427197 -1.670451
v 0.835225 0.476149 -0.835225
v 0.835225 0.474947 -0.000000
v 0.835225 0.476149 0.835225
v 0.835225 0.427197 1.670450
v 0.835225 0.082759 2.505676
v 0.835225 0.055834 3.340901
v -0.000000 0.055834 -3.340901
v -0.000000 0.082321 -2.505676
v -0.000000 0.476149 -1.670451
v -0.000000 1.102359 -0.835225
v 0.000000 1.162566 -0.000000
v 0.000000 1.102359 0.835225
v 0.000000 0.476149 1.670450
v 0.000000 0.082321 2.505676
v 0.000000 0.055834 3.340901
v -0.835225 0.055834 -3.340901
v -0.835225 0.082343 -2.505676
v -0.835225 0.474947 -1.670451
v -0.835225 1.162566 -0.835225
v -0.835225 1.932748 -0.000000
v -0.835225 1.162566 0.835225
v -0.835225 0.474947 1.670450
v -0.835225 0.082343 2.505676
v -0.835225 0.055834 3.340901
v -1.670451 0.055834 -3.340901
v -1.670451 0.082321 -2.505676
v -1.670451 0.476149 -1.670451
v -1.670451 1.102359 -0.835225
v -1.670451 1.162566 -0.000000
v -1.670451 1.102359 0.835225
v -1.670451 0.476149 1.670450
v -1.670451 0.082321 2.505676
v -1.670450 0.055834 3.340901
v -2.505676 0.055834 -3.340901
v -2.505676 0.082759 -2.505676
v -2.505676 0.427197 -1.670451
v -2.505676 0.476149 -0.835225
v -2.505676 0.474947 -0.000000
v -2.505676 0.476149 0.835225
v -2.505676 0.427197 1.670450
v -2.505676 0.082759 2.505676
v -2.505676 0.055834 3.340901
v -3.340901 0.055834 -3.340901
v -3.340901 0.055834 -2.505676
v -3.340901 0.082759 -1.670451
v -3.340901 0.082321 -0.835225
v -3.340901 0.082343 -0.000000
v -3.340901 0.082321 0.835225
v -3.340901 0.082759 1.670450
v -3.340901 0.055834 2.505676
v -3.340901 0.055834 3.340901
v -3.974762 0.055834 -3.974762
v -3.542265 0.055834 -3.974762
v -3.974762 0.055834 -3.542265
v -3.542265 0.055834 -3.542265
v -3.974762 0.287736 -3.974762
v -3.542265 0.287736 -3.974762
v -3.974762 0.287736 -3.542265
v -3.542265 0.287736 -3.542265
v -3.974762 0.494757 -3.974762
v -3.542265 0.494757 -3.974762
v -3.974762 0.494757 -3.542265
v -3.542265 0.494757 -3.542265
v -3.974762 0.677164 -3.974762
v -3.542265 0.677164 -3.974762
v -3.974762 0.677164 -3.542265
v -3.542265 0.677164 -3.542265
v -3.974762 0.832264 -3.974762
v -3.542265 0.832264 -3.974762
v -3.974762 0.832264 -3.542265
v -3.542265 0.832264 -3.542265
v -3.974762 0.969617 -3.974762
v -3.542265 0.969617 -3.974762
v -3.974762 0.969617 -3.542265
v -3.542265 0.969617 -3.542265
vt 0.750000 0.725000
vt 0.775000 0.725000
vt 0.775000 0.750000
vt 0.750000 0.750000
vt 0.725000 0.725000
vt 0.725000 0.750000
vt 0.700000 0.725000
vt 0.700000 0.750000
vt 0.675000 0.725000
vt 0.675000 0.750000
vt 0.650000 0.725000
vt 0.650000 0.750000
vt 0.625000 0.725000
vt 0.625000 0.750000
vt 0.850000 0.725000
vt 0.875000 0.725000
vt 0.875000 0.750000
vt 0.850000 0.750000
vt 0.800000 0.725000
vt 0.800000 0.750000
vt 0.825000 0.725000
vt 0.825000 0.750000
vt 0.825000 0.500000
vt 0.850000 0.500000
vt 0.850000 0.525000
vt 0.825000 0.525000
vt 0.850000 0.550000
vt 0.825000 0.550000
vt 0.850000 0.575000
vt 0.825000 0.575000
vt 0.850000 0.600000
vt 0.825000 0.600000
vt 0.850000 0.625000
vt 0.825000 0.625000
vt 0.850000 0.650000
vt 0.825000 0.650000
vt 0.850000 0.675000
vt 0.825000 0.675000
vt 0.850000 0.700000
vt 0.825000 0.700000
vt 0.800000 0.500000
vt 0.800000 0.525000
vt 0.800000 0.550000
vt 0.800000 0.575000
vt 0.800000 0.600000
vt 0.800000 0.625000
vt 0.800000 0.650000
vt 0.800000 0.675000
vt 0.800000 0.700000
vt 0.775000 0.500000
vt 0.775000 0.525000
vt 0.775000 0.550000
vt 0.775000 0.575000
vt 0.775000 0.600000
vt 0.775000 0.625000
vt 0.775000 0.650000
vt 0.775000 0.675000
vt 0.775000 0.700000
vt 0.000000 0.000000
vt 0.000000 0.000000
vt 0.000000 0.000000
vt 0.000000 0.000000
vt 0.875000 0.525000
vt 0.875000 0.550000
vt 0.875000 0.575000
vt 0.875000 0.600000
vt 0.875000 0.625000
vt 0.875000 0.650000
vt 0.875000 0.675000
vt 0.875000 0.700000
vt 0.625000 0.500000
vt 0.650000 0.500000
vt 0.650000 0.525000
vt 0.625000 0.525000
vt 0.650000 0.550000
vt 0.625000 0.550000
vt 0.650000 0.575000
vt 0.625000 0.575000
vt 0.650000 0.600000
vt 0.625000 0.600000
vt 0.650000 0.625000
vt 0.625000 0.625000
vt 0.650000 0.650000
vt 0.625000 0.650000
vt 0.650000 0.675000
vt 0.625000 0.675000
vt 0.650000 0.700000
vt 0.625000 0.700000
vt 0.675000 0.500000
vt 0.675000 0.525000
vt 0.675000 0.550000
vt 0.675000 0.575000
vt 0.675000 0.600000
vt 0.675000 0.625000
vt 0.675000 0.650000
vt 0.675000 0.675000
vt 0.675000 0.700000
vt 0.700000 0.500000
vt 0.700000 0.525000
vt 0.700000 0.550000
vt 0.700000 0.575000
vt 0.700000 0.600000
vt 0.700000 0.625000
vt 0.700000 0.650000
vt 0.700000 0.675000
vt 0.700000 0.700000
vt 0.725000 0.500000
vt 0.725000 0.525000
vt 0.725000 0.550000
vt 0.725000 0.575000
vt 0.725000 0.600000
vt 0.725000 0.625000
vt 0.725000 0.650000
vt 0.725000 0.675000
vt 0.725000 0.700000
vt 0.750000 0.500000
vt 0.750000 0.525000
vt 0.750000 0.550000
vt 0.750000 0.575000
vt 0.750000 0.600000
vt 0.750000 0.625000
vt 0.750000 0.650000
vt 0.750000 0.675000
vt 0.750000 0.700000
vt 0.850000 0.525000
vt 0.850000 0.500000
vt 0.850000 0.500000
vt 0.850000 0.525000
vt 0.000000 0.000000
vt 0.000000 0.000000
vt 0.875000 0.525000
vt 0.000000 0.000000
vt 0.000000 0.000000
vt 0.000000 0.000000
vt 0.000000 0.000000
vt 0.875000 0.525000
vt 0.000000 0.000000
vt 0.875000 0.525000
vt 0.850000 0.525000
vt 0.850000 0.525000
vt 0.875000 0.525000
vt 0.000000 0.000000
vt 0.850000 0.500000
vt 0.850000 0.500000
vt 0.850000 0.500000
vt 0.850000 0.525000
vt 0.000000 0.000000
vt 0.000000 0.000000
vt 0.000000 0.000000
vt 0.875000 0.525000
vt 0.850000 0.525000
vt 0.875000 0.525000
vt 0.000000 0.000000
vt 0.000000 0.000000
vt 0.000000 0.000000
vt 0.850000 0.500000
vt 0.875000 0.500000
vt 0.000000 0.000000
vt 0.000000 0.000000
vt 0.000000 0.000000
vn 0.0000 1.0000 0.0000
vn -0.1279 0.9835 0.1279
vn -0.4861 0.7263 0.4861
vn 0.0000 0.6799 0.7333
vn 0.4861 0.7263 0.4861
vn -0.0161 0.9997 -0.0161
vn -0.2121 0.9540 -0.2121
vn -0.4041 0.9143 -0.0266
vn -0.4259 0.9047 0.0006
vn -0.4259 0.9047 -0.0006
vn -0.4041 0.9143 0.0266
vn -0.2121 0.9540 0.2121
vn -0.0161 0.9997 0.0161
vn 0.0003 0.9995 -0.0320
vn -0.0266 0.9143 -0.4041
vn -0.3509 0.8682 -0.3509
vn -0.6180 0.7857 -0.0278
vn -0.6180 0.7857 0.0278
vn -0.3509 0.8682 0.3509
vn -0.0266 0.9143 0.4041
vn 0.0003 0.9995 0.0320
vn -0.0000 0.9995 -0.0317
vn 0.0006 0.9047 -0.4259
vn -0.0278 0.7857 -0.6180
vn -0.4067 0.8181 -0.4067
vn -0.4067 0.8181 0.4067
vn -0.0278 0.7857 0.6180
vn 0.0006 0.9047 0.4259
vn -0.0000 0.9995 0.0317
vn -0.0320 0.9995 0.0003
vn -0.0317 0.9995 -0.0000
vn -0.0320 0.9995 -0.0003
vn 0.4417 0.7809 -0.4417
vn 0.7239 0.6899 0.0000
vn 0.4417 0.7809 0.4417
vn 0.0409 0.9983 0.0409
vn 0.1279 0.9835 -0.1279
vn 0.4861 0.7263 -0.4861
vn 0.7333 0.6799 0.0000
vn 0.0000 0.6899 -0.7239
vn 0.0000 0.6899 0.7239
vn 0.0000 0.9967 0.0818
vn 0.0000 0.9678 -0.2516
vn 0.0000 0.6799 -0.7333
vn -0.4417 0.7809 -0.4417
vn -0.7239 0.6899 0.0000
vn -0.4339 0.7896 0.4339
vn -0.0090 0.9991 0.0412
vn 0.0317 0.9995 -0.0000
vn -0.0968 0.9870 -0.1286
vn -0.4798 0.7346 -0.4798
vn -0.7333 0.6799 0.0000
vn -0.0409 0.9983 -0.0409
vn -0.0658 0.9977 -0.0161
vn 0.1756 0.9687 -0.1756
vn 0.4041 0.9143 -0.0266
vn 0.4259 0.9047 0.0006
vn 0.4259 0.9047 -0.0006
vn 0.4041 0.9143 0.0266
vn 0.0915 0.9916 0.0915
vn -0.2369 0.9714 0.0157
vn -0.0003 0.9995 -0.0320
vn 0.0266 0.9143 -0.4041
vn 0.3509 0.8682 -0.3509
vn 0.6180 0.7857 -0.0278
vn 0.6180 0.7857 0.0278
vn 0.3509 0.8682 0.3509
vn 0.0266 0.9143 0.4041
vn -0.0003 0.9995 0.0320
vn -0.0006 0.9047 -0.4259
vn 0.0278 0.7857 -0.6180
vn 0.4067 0.8181 -0.4067
vn 0.4067 0.8181 0.4067
vn 0.0278 0.7857 0.6180
vn -0.0006 0.9047 0.4259
vn 1.0000 0.0000 0.0000
vn 0.0000 0.0000 -1.0000
vn 0.0000 0.0000 1.0000
vn -1.0000 0.0000 0.0000
usemtl Material
s off
f 85/1/1 94/2/1 3/3/1 4/4/1
f 76/5/1 85/1/1 4/4/1 5/6/1
f 67/7/2 76/5/2 5/6/2 6/8/2
f 58/9/3 67/7/3 6/8/3 7/10/3
f 49/11/4 58/9/4 7/10/4 8/12/4
f 31/13/5 49/11/5 8/12/5 10/14/5
f 121/15/1 32/16/1 12/17/1 13/18/1
f 94/2/1 103/19/1 2/20/1 3/3/1
f 103/19/1 112/21/1 1/22/1 2/20/1
f 112/21/1 121/15/1 13/18/1 1/22/1
f 15/23/1 14/24/1 113/25/1 104/26/1
f 104/26/6 113/25/6 114/27/6 105/28/6
f 105/28/7 114/27/7 115/29/7 106/30/7
f 106/30/8 115/29/8 116/31/8 107/32/8
f 107/32/9 116/31/9 117/33/9 108/34/9
f 108/34/10 117/33/10 118/35/10 109/36/10
f 109/36/11 118/35/11 119/37/11 110/38/11
f 110/38/12 119/37/12 120/39/12 111/40/12
f 111/40/13 120/39/13 121/15/13 112/21/13
f 16/41/1 15/23/1 104/26/1 95/42/1
f 95/42/14 104/26/14 105/28/14 96/43/14
f 96/43/15 105/28/15 106/30/15 97/44/15
f 97/44/16 106/30/16 107/32/16 98/45/16
f 98/45/17 107/32/17 108/34/17 99/46/17
f 99/46/18 108/34/18 109/36/18 100/47/18
f 100/47/19 109/36/19 110/38/19 101/48/19
f 101/48/20 110/38/20 111/40/20 102/49/20
f 102/49/21 111/40/21 112/21/21 103/19/21
f 17/50/1 16/41/1 95/42/1 86/51/1
f 86/51/22 95/42/22 96/43/22 87/52/22
f 87/52/23 96/43/23 97/44/23 88/53/23
f 88/53/24 97/44/24 98/45/24 89/54/24
f 89/54/25 98/45/25 99/46/25 90/55/25
f 90/55/26 99/46/26 100/47/26 91/56/26
f 91/56/27 100/47/27 101/48/27 92/57/27
f 92/57/28 101/48/28 102/49/28 93/58/28
f 93/58/29 102/49/29 103/19/29 94/2/29
f 14/59/1 11/60/1 122/61/1 123/62/1
f 113/25/1 40/63/1 39/64/1 114/27/1
f 114/27/6 39/64/6 38/65/6 115/29/6
f 115/29/30 38/65/30 37/66/30 116/31/30
f 116/31/31 37/66/31 36/67/31 117/33/31
f 117/33/31 36/67/31 35/68/31 118/35/31
f 118/35/32 35/68/32 34/69/32 119/37/32
f 119/37/13 34/69/13 33/70/13 120/39/13
f 120/39/1 33/70/1 32/16/1 121/15/1
f 9/71/33 22/72/33 41/73/33 23/74/33
f 23/74/34 41/73/34 42/75/34 24/76/34
f 24/76/35 42/75/35 43/77/35 25/78/35
f 25/78/36 43/77/36 44/79/36 26/80/36
f 26/80/1 44/79/1 45/81/1 27/82/1
f 27/82/1 45/81/1 46/83/1 28/84/1
f 28/84/37 46/83/37 47/85/37 29/86/37
f 29/86/38 47/85/38 48/87/38 30/88/38
f 30/88/39 48/87/39 49/11/39 31/13/39
f 22/72/40 21/89/40 50/90/40 41/73/40
f 41/73/1 50/90/1 51/91/1 42/75/1
f 42/75/41 51/91/41 52/92/41 43/77/41
f 43/77/42 52/92/42 53/93/42 44/79/42
f 44/79/1 53/93/1 54/94/1 45/81/1
f 45/81/1 54/94/1 55/95/1 46/83/1
f 46/83/43 55/95/43 56/96/43 47/85/43
f 47/85/44 56/96/44 57/97/44 48/87/44
f 48/87/1 57/97/1 58/9/1 49/11/1
f 21/89/45 20/98/45 59/99/45 50/90/45
f 50/90/46 59/99/46 60/100/46 51/91/46
f 51/91/47 60/100/47 61/101/47 52/92/47
f 52/92/48 61/101/48 62/102/48 53/93/48
f 53/93/49 62/102/49 63/103/49 54/94/49
f 54/94/49 63/103/49 64/104/49 55/95/49
f 55/95/50 64/104/50 65/105/50 56/96/50
f 56/96/51 65/105/51 66/106/51 57/97/51
f 57/97/52 66/106/52 67/7/52 58/9/52
f 20/98/53 19/107/53 68/108/53 59/99/53
f 59/99/54 68/108/54 69/109/54 60/100/54
f 60/100/55 69/109/55 70/110/55 61/101/55
f 61/101/56 70/110/56 71/111/56 62/102/56
f 62/102/57 71/111/57 72/112/57 63/103/57
f 63/103/58 72/112/58 73/113/58 64/104/58
f 64/104/59 73/113/59 74/114/59 65/105/59
f 65/105/60 74/114/60 75/115/60 66/106/60
f 66/106/61 75/115/61 76/5/61 67/7/61
f 19/107/1 18/116/1 77/117/1 68/108/1
f 68/108/62 77/117/62 78/118/62 69/109/62
f 69/109/63 78/118/63 79/119/63 70/110/63
f 70/110/64 79/119/64 80/120/64 71/111/64
f 71/111/65 80/120/65 81/121/65 72/112/65
f 72/112/66 81/121/66 82/122/66 73/113/66
f 73/113/67 82/122/67 83/123/67 74/114/67
f 74/114/68 83/123/68 84/124/68 75/115/68
f 75/115/69 84/124/69 85/1/69 76/5/69
f 18/116/1 17/50/1 86/51/1 77/117/1
f 77/117/22 86/51/22 87/52/22 78/118/22
f 78/118/70 87/52/70 88/53/70 79/119/70
f 79/119/71 88/53/71 89/54/71 80/120/71
f 80/120/72 89/54/72 90/55/72 81/121/72
f 81/121/73 90/55/73 91/56/73 82/122/73
f 82/122/74 91/56/74 92/57/74 83/123/74
f 83/123/75 92/57/75 93/58/75 84/124/75
f 84/124/29 93/58/29 94/2/29 85/1/29
f 125/125/76 123/126/76 127/127/76 129/128/76
f 113/25/1 14/24/1 123/126/1 125/125/1
f 11/60/1 40/129/1 124/130/1 122/61/1
f 40/63/1 113/25/1 125/125/1 124/131/1
f 127/132/77 126/133/77 130/134/77 131/135/77
f 123/62/77 122/61/77 126/133/77 127/132/77
f 124/131/78 125/125/78 129/128/78 128/136/78
f 122/61/79 124/130/79 128/137/79 126/133/79
f 132/138/78 133/139/78 137/140/78 136/141/78
f 128/136/78 129/128/78 133/139/78 132/138/78
f 126/133/79 128/137/79 132/142/79 130/134/79
f 129/128/76 127/127/76 131/143/76 133/139/76
f 137/140/76 135/144/76 139/145/76 141/146/76
f 130/134/79 132/142/79 136/147/79 134/148/79
f 133/139/76 131/143/76 135/144/76 137/140/76
f 131/135/77 130/134/77 134/148/77 135/149/77
f 140/150/78 141/146/78 145/151/78 144/152/78
f 135/149/77 134/148/77 138/153/77 139/154/77
f 136/141/78 137/140/78 141/146/78 140/150/78
f 134/148/79 136/147/79 140/155/79 138/153/79
f 143/156/1 142/157/1 144/152/1 145/151/1
f 138/153/79 140/155/79 144/158/79 142/159/79
f 141/146/76 139/145/76 143/156/76 145/151/76
f 139/154/77 138/153/77 142/159/77 143/160/77
